2024-04-21 01:18:44,051 [ERROR] LogOutputStream:75 - [STDERR_REDIRECT] 
2024-04-21 11:24:48,247 [INFO] Activator:176 - 


2024-04-21 11:24:48,251 [INFO] Activator:177 - !SESSION log4j initialized
2024-04-21 11:24:58,577 [INFO] LogOutputStream:77 - [STDOUT_REDIRECT] 
2024-04-21 11:25:01,772 [INFO] McuFinderGlobals:63 - Set McuFinder mode to 2 (CubeIDE integrated)
2024-04-21 11:25:01,872 [INFO] ApplicationProperties:184 - Using Application install path: D:\downloads\STM\STM32CubeIDE_1.14.1\STM32CubeIDE\plugins\com.st.stm32cube.common.mx_6.10.0.202311202037
2024-04-21 11:25:01,901 [INFO] DbMcusXml:78 - Set database path to: D:\downloads\STM\STM32CubeIDE_1.14.1\STM32CubeIDE\plugins\com.st.stm32cube.common.mx_6.10.0.202311202037\\db\/mcu/
2024-04-21 11:25:01,902 [INFO] ApiDb:274 - Set plugin database path to: D:\downloads\STM\STM32CubeIDE_1.14.1\STM32CubeIDE\plugins\com.st.stm32cube.common.mx_6.10.0.202311202037\\db\/plugins/boardmanager/
2024-04-21 11:25:01,902 [WARN] ApiDb:259 - Overriding images path with different value:  => D:\downloads\STM\STM32CubeIDE_1.14.1\STM32CubeIDE\plugins\com.st.stm32cube.common.mx_6.10.0.202311202037\\db\/plugins/mcufinder/images/
2024-04-21 11:25:01,913 [INFO] ApiDb:250 - Set database path to: C:\Users\APURVA\.stmcufinder\plugins\mcufinder//mcu/
2024-04-21 11:25:01,915 [INFO] DbMcusAds:125 - Set database path to: C:\Users\APURVA\.stmcufinder\plugins\mcufinder//mcu/
2024-04-21 11:25:01,920 [INFO] CrossReferenceDbSqlite:203 - Set database path to: C:\Users\APURVA\.stmcufinder\plugins\mcufinder//mcu/cs/
2024-04-21 11:25:02,163 [INFO] RulesReader:64 - Compatibility file has been processed (297 Rules)
2024-04-21 11:25:02,377 [INFO] DbMcusXml:78 - Set database path to: D:\downloads\STM\STM32CubeIDE_1.14.1\STM32CubeIDE\plugins\com.st.stm32cube.common.mx_6.10.0.202311202037\\db\/mcu/
2024-04-21 11:25:02,377 [INFO] ApiDb:274 - Set plugin database path to: D:\downloads\STM\STM32CubeIDE_1.14.1\STM32CubeIDE\plugins\com.st.stm32cube.common.mx_6.10.0.202311202037\\db\/plugins/boardmanager/
2024-04-21 11:25:02,377 [INFO] ApiDb:261 - Set plugin images path to: D:\downloads\STM\STM32CubeIDE_1.14.1\STM32CubeIDE\plugins\com.st.stm32cube.common.mx_6.10.0.202311202037\\db\/plugins/mcufinder/images/
2024-04-21 11:25:02,378 [WARN] DbFile:41 - Overriding database path with different value: C:\Users\APURVA\.stmcufinder\plugins\mcufinder/ => C:\Users\APURVA\.stmcufinder\plugins\mcufinder
2024-04-21 11:25:02,378 [INFO] ApiDb:250 - Set database path to: C:\Users\APURVA\.stmcufinder\plugins\mcufinder//mcu/
2024-04-21 11:25:02,378 [WARN] DbFile:41 - Overriding database path with different value: C:\Users\APURVA\.stmcufinder\plugins\mcufinder/ => C:\Users\APURVA\.stmcufinder\plugins\mcufinder
2024-04-21 11:25:02,378 [INFO] DbMcusAds:125 - Set database path to: C:\Users\APURVA\.stmcufinder\plugins\mcufinder//mcu/
2024-04-21 11:25:02,378 [WARN] DbFile:41 - Overriding database path with different value: C:\Users\APURVA\.stmcufinder\plugins\mcufinder/ => C:\Users\APURVA\.stmcufinder\plugins\mcufinder
2024-04-21 11:25:02,378 [WARN] DbFile:41 - Overriding database path with different value: C:\Users\APURVA\.stmcufinder\plugins\mcufinder/ => C:\Users\APURVA\.stmcufinder\plugins\mcufinder
2024-04-21 11:25:02,379 [INFO] CrossReferenceDbSqlite:203 - Set database path to: C:\Users\APURVA\.stmcufinder\plugins\mcufinder//mcu/cs/
2024-04-21 11:25:02,526 [INFO] MainPanel:264 - HeapMemory: 268435456
2024-04-21 11:25:02,689 [INFO] DbMcusXml:78 - Set database path to: D:\downloads\STM\STM32CubeIDE_1.14.1\STM32CubeIDE\plugins\com.st.stm32cube.common.mx_6.10.0.202311202037\\db\/mcu/
2024-04-21 11:25:02,689 [INFO] ApiDb:274 - Set plugin database path to: D:\downloads\STM\STM32CubeIDE_1.14.1\STM32CubeIDE\plugins\com.st.stm32cube.common.mx_6.10.0.202311202037\\db\/plugins/boardmanager/
2024-04-21 11:25:02,689 [INFO] ApiDb:261 - Set plugin images path to: D:\downloads\STM\STM32CubeIDE_1.14.1\STM32CubeIDE\plugins\com.st.stm32cube.common.mx_6.10.0.202311202037\\db\/plugins/mcufinder/images/
2024-04-21 11:25:02,690 [WARN] DbFile:41 - Overriding database path with different value: C:\Users\APURVA\.stmcufinder\plugins\mcufinder/ => C:\Users\APURVA\.stmcufinder\plugins\mcufinder
2024-04-21 11:25:02,690 [INFO] ApiDb:250 - Set database path to: C:\Users\APURVA\.stmcufinder\plugins\mcufinder//mcu/
2024-04-21 11:25:02,690 [WARN] DbFile:41 - Overriding database path with different value: C:\Users\APURVA\.stmcufinder\plugins\mcufinder/ => C:\Users\APURVA\.stmcufinder\plugins\mcufinder
2024-04-21 11:25:02,690 [INFO] DbMcusAds:125 - Set database path to: C:\Users\APURVA\.stmcufinder\plugins\mcufinder//mcu/
2024-04-21 11:25:02,690 [WARN] DbFile:41 - Overriding database path with different value: C:\Users\APURVA\.stmcufinder\plugins\mcufinder/ => C:\Users\APURVA\.stmcufinder\plugins\mcufinder
2024-04-21 11:25:02,690 [WARN] DbFile:41 - Overriding database path with different value: C:\Users\APURVA\.stmcufinder\plugins\mcufinder/ => C:\Users\APURVA\.stmcufinder\plugins\mcufinder
2024-04-21 11:25:02,691 [INFO] CrossReferenceDbSqlite:203 - Set database path to: C:\Users\APURVA\.stmcufinder\plugins\mcufinder//mcu/cs/
2024-04-21 11:25:02,726 [INFO] ApplicationProperties:184 - Using Application install path: D:\downloads\STM\STM32CubeIDE_1.14.1\STM32CubeIDE\plugins\com.st.stm32cube.common.mx_6.10.0.202311202037
2024-04-21 11:25:02,728 [INFO] PluginManage:196 - Search for loadable plugins [exclusion list=, ]
2024-04-21 11:25:02,731 [INFO] PluginManage:310 - Check plugin analytics
2024-04-21 11:25:03,073 [INFO] AnalyticsPlugin:253 - Accepted Software Licenses: 
2024-04-21 11:25:03,074 [INFO] AnalyticsPlugin:255 - Accepted CMSIS Pack Licenses: 
2024-04-21 11:25:03,074 [INFO] AnalyticsPlugin:257 - Accepted Firmware Licenses: FW.F4.1.28.0,FW.L4.1.18.0
2024-04-21 11:25:03,082 [INFO] PluginManage:359 - Loaded plugin analytics (category:tool,tabindex:-1)
2024-04-21 11:25:03,083 [INFO] PluginManage:310 - Check plugin cadmodel
2024-04-21 11:25:03,104 [INFO] CADModel:105 - Init CAD model plugin
2024-04-21 11:25:03,105 [INFO] PluginManage:359 - Loaded plugin cadmodel (category:power,tabindex:5)
2024-04-21 11:25:03,106 [INFO] PluginManage:310 - Check plugin clock
2024-04-21 11:25:03,141 [INFO] PluginManage:359 - Loaded plugin clock (category:base,tabindex:2)
2024-04-21 11:25:03,142 [INFO] PluginManage:310 - Check plugin ddr
2024-04-21 11:25:03,148 [INFO] PluginManage:359 - Loaded plugin ddr (category:tool,tabindex:6)
2024-04-21 11:25:03,148 [INFO] PluginManage:310 - Check plugin filemanager
2024-04-21 11:25:03,409 [INFO] PluginManage:359 - Loaded plugin filemanager (category:base,tabindex:10)
2024-04-21 11:25:03,409 [INFO] PluginManage:310 - Check plugin ipmanager
2024-04-21 11:25:03,423 [INFO] PluginManage:359 - Loaded plugin ipmanager (category:base,tabindex:5)
2024-04-21 11:25:03,424 [INFO] PluginManage:310 - Check plugin lpbam
2024-04-21 11:25:03,453 [INFO] PluginManage:359 - Loaded plugin lpbam (category:base,tabindex:0)
2024-04-21 11:25:03,453 [INFO] PluginManage:310 - Check plugin memorymap
2024-04-21 11:25:03,491 [INFO] PluginManage:359 - Loaded plugin memorymap (category:base,tabindex:4)
2024-04-21 11:25:03,492 [INFO] PluginManage:310 - Check plugin pinoutandconfiguration
2024-04-21 11:25:03,517 [INFO] PluginManage:359 - Loaded plugin pinoutandconfiguration (category:base,tabindex:1)
2024-04-21 11:25:03,518 [INFO] PluginManage:310 - Check plugin pinoutconfig
2024-04-21 11:25:03,704 [WARN] SupportedApi:132 - Cannot load RTOS API schema: s4s-elt-must-match.1: The content of 'definitions' must match (annotation?, (simpleType | complexType)?, (unique | key | keyref)*)). A problem was found starting at: attribute.
2024-04-21 11:25:03,943 [INFO] PluginManage:359 - Loaded plugin pinoutconfig (category:base,tabindex:0)
2024-04-21 11:25:03,943 [INFO] PluginManage:310 - Check plugin power
2024-04-21 11:25:03,973 [INFO] PluginManage:359 - Loaded plugin power (category:power,tabindex:4)
2024-04-21 11:25:03,974 [INFO] PluginManage:310 - Check plugin projectmanager
2024-04-21 11:25:04,001 [INFO] PluginManage:359 - Loaded plugin projectmanager (category:projectmanager,tabindex:3)
2024-04-21 11:25:04,001 [INFO] PluginManage:310 - Check plugin thirdparty
2024-04-21 11:25:04,451 [WARN] IntegrityCheckThread:84 - waiting for thirdparty lock release [integrity check]
2024-04-21 11:25:04,452 [INFO] PluginManage:359 - Loaded plugin thirdparty (category:base,tabindex:-1)
2024-04-21 11:25:04,452 [INFO] IntegrityCheckThread:86 - entering critical section [integrity check]
2024-04-21 11:25:04,452 [INFO] PluginManage:310 - Check plugin tools
2024-04-21 11:25:04,453 [INFO] ThirdPartyUpdaterWithRetryManager:70 - Updater plugin not ready yet. [1/15]
2024-04-21 11:25:04,512 [INFO] PluginManage:359 - Loaded plugin tools (category:base,tabindex:7)
2024-04-21 11:25:04,514 [INFO] PluginManage:310 - Check plugin tutovideos
2024-04-21 11:25:04,870 [INFO] PluginManage:359 - Loaded plugin tutovideos (category:base,tabindex:-1)
2024-04-21 11:25:04,870 [INFO] PluginManage:310 - Check plugin updater
2024-04-21 11:25:04,888 [INFO] PluginManage:359 - Loaded plugin updater (category:base,tabindex:12)
2024-04-21 11:25:04,888 [INFO] PluginManage:310 - Check plugin userauth
2024-04-21 11:25:04,898 [INFO] UserAuth:114 - Init User Auth plugin
2024-04-21 11:25:04,898 [INFO] PluginManage:359 - Loaded plugin userauth (category:base,tabindex:14)
2024-04-21 11:25:04,899 [INFO] PluginManage:283 - PluginManage : Loaded plugins [17]
2024-04-21 11:25:05,284 [INFO] PinOutPanel:1499 - setPackage(No Configuration,No Configuration)
2024-04-21 11:25:05,421 [INFO] CADModel:165 - CPN selected for project level
2024-04-21 11:25:05,421 [INFO] CADModel:114 - Register for checkConnection events
2024-04-21 11:25:05,463 [INFO] IPUIPlugin:80 - create IPUIPlugin
2024-04-21 11:25:05,464 [INFO] PluginManager:220 - loadIPPluginJar : add adc
2024-04-21 11:25:05,520 [INFO] IPUIPlugin:80 - create IPUIPlugin
2024-04-21 11:25:05,521 [INFO] PluginManager:220 - loadIPPluginJar : add aes
2024-04-21 11:25:05,586 [INFO] IPUIPlugin:80 - create IPUIPlugin
2024-04-21 11:25:05,586 [INFO] PluginManager:220 - loadIPPluginJar : add can
2024-04-21 11:25:05,621 [INFO] IPUIPlugin:80 - create IPUIPlugin
2024-04-21 11:25:05,622 [INFO] PluginManager:220 - loadIPPluginJar : add comp
2024-04-21 11:25:05,674 [INFO] IPUIPlugin:80 - create IPUIPlugin
2024-04-21 11:25:05,674 [INFO] PluginManager:220 - loadIPPluginJar : add cryp
2024-04-21 11:25:05,721 [INFO] IPUIPlugin:80 - create IPUIPlugin
2024-04-21 11:25:05,721 [INFO] PluginManager:220 - loadIPPluginJar : add dfsdm
2024-04-21 11:25:05,745 [INFO] IPUIPlugin:80 - create IPUIPlugin
2024-04-21 11:25:05,747 [INFO] PluginManager:220 - loadIPPluginJar : add dma
2024-04-21 11:25:05,825 [INFO] IPUIPlugin:80 - create IPUIPlugin
2024-04-21 11:25:05,826 [INFO] PluginManager:220 - loadIPPluginJar : add dma3
2024-04-21 11:25:05,878 [INFO] IPUIPlugin:80 - create IPUIPlugin
2024-04-21 11:25:05,878 [INFO] PluginManager:220 - loadIPPluginJar : add fatfs
2024-04-21 11:25:05,996 [INFO] IPUIPlugin:80 - create IPUIPlugin
2024-04-21 11:25:05,997 [INFO] PluginManager:220 - loadIPPluginJar : add fmc
2024-04-21 11:25:06,035 [INFO] IPUIPlugin:80 - create IPUIPlugin
2024-04-21 11:25:06,036 [INFO] PluginManager:220 - loadIPPluginJar : add freertos
2024-04-21 11:25:06,067 [INFO] IPUIPlugin:80 - create IPUIPlugin
2024-04-21 11:25:06,067 [INFO] PluginManager:220 - loadIPPluginJar : add genericplugin
2024-04-21 11:25:06,219 [INFO] IPUIPlugin:80 - create IPUIPlugin
2024-04-21 11:25:06,219 [INFO] PluginManager:220 - loadIPPluginJar : add gfxmmu
2024-04-21 11:25:06,427 [INFO] IPUIPlugin:80 - create IPUIPlugin
2024-04-21 11:25:06,427 [INFO] PluginManager:220 - loadIPPluginJar : add gic
2024-04-21 11:25:06,448 [INFO] IPUIPlugin:80 - create IPUIPlugin
2024-04-21 11:25:06,448 [INFO] PluginManager:220 - loadIPPluginJar : add gpio
2024-04-21 11:25:06,599 [INFO] IPUIPlugin:80 - create IPUIPlugin
2024-04-21 11:25:06,599 [INFO] PluginManager:220 - loadIPPluginJar : add gtzc
2024-04-21 11:25:06,650 [INFO] IPUIPlugin:80 - create IPUIPlugin
2024-04-21 11:25:06,650 [INFO] PluginManager:220 - loadIPPluginJar : add hash
2024-04-21 11:25:06,736 [INFO] IPUIPlugin:80 - create IPUIPlugin
2024-04-21 11:25:06,737 [INFO] PluginManager:220 - loadIPPluginJar : add i2c
2024-04-21 11:25:06,801 [INFO] IPUIPlugin:80 - create IPUIPlugin
2024-04-21 11:25:06,801 [INFO] PluginManager:220 - loadIPPluginJar : add i2s
2024-04-21 11:25:06,867 [INFO] IPUIPlugin:80 - create IPUIPlugin
2024-04-21 11:25:06,867 [INFO] PluginManager:220 - loadIPPluginJar : add i3c
2024-04-21 11:25:07,043 [INFO] IPUIPlugin:80 - create IPUIPlugin
2024-04-21 11:25:07,043 [INFO] PluginManager:220 - loadIPPluginJar : add ipddr
2024-04-21 11:25:07,190 [INFO] IPUIPlugin:80 - create IPUIPlugin
2024-04-21 11:25:07,190 [INFO] PluginManager:220 - loadIPPluginJar : add linkedlist
2024-04-21 11:25:07,246 [INFO] IPUIPlugin:80 - create IPUIPlugin
2024-04-21 11:25:07,246 [INFO] PluginManager:220 - loadIPPluginJar : add lorawan
2024-04-21 11:25:07,305 [INFO] IPUIPlugin:80 - create IPUIPlugin
2024-04-21 11:25:07,305 [INFO] PluginManager:220 - loadIPPluginJar : add ltdc
2024-04-21 11:25:07,327 [INFO] IPUIPlugin:80 - create IPUIPlugin
2024-04-21 11:25:07,328 [INFO] PluginManager:220 - loadIPPluginJar : add mdma
2024-04-21 11:25:07,347 [INFO] IPUIPlugin:80 - create IPUIPlugin
2024-04-21 11:25:07,347 [INFO] PluginManager:220 - loadIPPluginJar : add nvic
2024-04-21 11:25:07,405 [INFO] IPUIPlugin:80 - create IPUIPlugin
2024-04-21 11:25:07,406 [INFO] PluginManager:220 - loadIPPluginJar : add opamp
2024-04-21 11:25:07,457 [INFO] ThirdPartyUpdaterWithRetryManager:70 - Updater plugin not ready yet. [2/15]
2024-04-21 11:25:07,503 [INFO] IPUIPlugin:80 - create IPUIPlugin
2024-04-21 11:25:07,503 [INFO] PluginManager:220 - loadIPPluginJar : add openamp
2024-04-21 11:25:07,571 [INFO] IPUIPlugin:80 - create IPUIPlugin
2024-04-21 11:25:07,571 [INFO] PluginManager:220 - loadIPPluginJar : add pdm2pcm
2024-04-21 11:25:07,591 [INFO] IPUIPlugin:80 - create IPUIPlugin
2024-04-21 11:25:07,596 [INFO] PluginManager:220 - loadIPPluginJar : add plateformsettings
2024-04-21 11:25:07,630 [INFO] IPUIPlugin:80 - create IPUIPlugin
2024-04-21 11:25:07,630 [INFO] PluginManager:220 - loadIPPluginJar : add quadspi
2024-04-21 11:25:07,649 [INFO] IPUIPlugin:80 - create IPUIPlugin
2024-04-21 11:25:07,649 [INFO] PluginManager:220 - loadIPPluginJar : add resmgrutility
2024-04-21 11:25:07,729 [INFO] IPUIPlugin:80 - create IPUIPlugin
2024-04-21 11:25:07,730 [INFO] PluginManager:220 - loadIPPluginJar : add sai
2024-04-21 11:25:07,788 [INFO] IPUIPlugin:80 - create IPUIPlugin
2024-04-21 11:25:07,788 [INFO] PluginManager:220 - loadIPPluginJar : add spi
2024-04-21 11:25:07,900 [INFO] IPUIPlugin:80 - create IPUIPlugin
2024-04-21 11:25:07,901 [INFO] PluginManager:220 - loadIPPluginJar : add stm32_wpan
2024-04-21 11:25:07,937 [INFO] IPUIPlugin:80 - create IPUIPlugin
2024-04-21 11:25:07,937 [INFO] PluginManager:220 - loadIPPluginJar : add tim
2024-04-21 11:25:08,035 [INFO] IPUIPlugin:80 - create IPUIPlugin
2024-04-21 11:25:08,035 [INFO] PluginManager:220 - loadIPPluginJar : add touchsensing
2024-04-21 11:25:08,070 [INFO] IPUIPlugin:80 - create IPUIPlugin
2024-04-21 11:25:08,071 [INFO] PluginManager:220 - loadIPPluginJar : add tracer_emb
2024-04-21 11:25:08,106 [INFO] IPUIPlugin:80 - create IPUIPlugin
2024-04-21 11:25:08,106 [INFO] PluginManager:220 - loadIPPluginJar : add ts
2024-04-21 11:25:08,140 [INFO] IPUIPlugin:80 - create IPUIPlugin
2024-04-21 11:25:08,140 [INFO] PluginManager:220 - loadIPPluginJar : add tsc
2024-04-21 11:25:08,173 [INFO] IPUIPlugin:80 - create IPUIPlugin
2024-04-21 11:25:08,173 [INFO] PluginManager:220 - loadIPPluginJar : add ucpd
2024-04-21 11:25:08,245 [INFO] IPUIPlugin:80 - create IPUIPlugin
2024-04-21 11:25:08,245 [INFO] PluginManager:220 - loadIPPluginJar : add usart
2024-04-21 11:25:08,316 [INFO] IPUIPlugin:80 - create IPUIPlugin
2024-04-21 11:25:08,316 [INFO] PluginManager:220 - loadIPPluginJar : add usbx
2024-04-21 11:25:08,493 [INFO] CADModel:165 - CPN selected for project level
2024-04-21 11:25:08,494 [INFO] CADModel:114 - Register for checkConnection events
2024-04-21 11:25:08,494 [FATAL] Updater:308 - Updater called before beeing initialized
2024-04-21 11:25:08,494 [ERROR] CADModel:125 - Updater not yet initialized, retry later 
2024-04-21 11:25:08,762 [INFO] CADModel:165 - CPN selected for project level
2024-04-21 11:25:08,763 [INFO] CADModel:114 - Register for checkConnection events
2024-04-21 11:25:08,763 [FATAL] Updater:308 - Updater called before beeing initialized
2024-04-21 11:25:08,763 [ERROR] CADModel:125 - Updater not yet initialized, retry later 
2024-04-21 11:25:08,768 [FATAL] Updater:308 - Updater called before beeing initialized
2024-04-21 11:25:08,944 [FATAL] Updater:308 - Updater called before beeing initialized
2024-04-21 11:25:08,960 [INFO] DbMcusAds:53 - JSON generation date=Wed Nov 29 16:22:27 IST 2023 (1701255147349)
2024-04-21 11:25:08,961 [FATAL] Updater:308 - Updater called before beeing initialized
2024-04-21 11:25:09,085 [WARN] DetailPanel:346 - Failed to get advertising image, set to default
2024-04-21 11:25:09,276 [FATAL] Updater:308 - Updater called before beeing initialized
2024-04-21 11:25:09,279 [FATAL] Updater:308 - Updater called before beeing initialized
2024-04-21 11:25:09,279 [FATAL] Updater:308 - Updater called before beeing initialized
2024-04-21 11:25:09,280 [WARN] DetailPanel:346 - Failed to get advertising image, set to default
2024-04-21 11:25:09,281 [FATAL] Updater:308 - Updater called before beeing initialized
2024-04-21 11:25:09,383 [ERROR] Updater:1120 - MainUpdater not yet initialized. External WinMGr cannot be set.
2024-04-21 11:25:09,401 [INFO] Updater:1056 - Updater Version found : 6.10.0
2024-04-21 11:25:09,428 [INFO] ApplicationProperties:184 - Using Application install path: D:\downloads\STM\STM32CubeIDE_1.14.1\STM32CubeIDE\plugins\com.st.stm32cube.common.mx_6.10.0.202311202037
2024-04-21 11:25:10,458 [INFO] ThirdPartyUpdaterWithRetryManager:70 - Updater plugin not ready yet. [3/15]
2024-04-21 11:25:11,022 [ERROR] LogOutputStream:75 - [STDERR_REDIRECT] Apr 21, 2024 11:25:11 AM java.util.prefs.WindowsPreferences <init>
2024-04-21 11:25:11,027 [ERROR] LogOutputStream:75 - [STDERR_REDIRECT] WARNING: Could not open/create prefs root node Software\JavaSoft\Prefs at root 0xffffffff80000002. Windows RegCreateKeyEx(...) returned error code 5.
2024-04-21 11:25:11,027 [ERROR] LogOutputStream:75 - [STDERR_REDIRECT] 
2024-04-21 11:25:11,850 [INFO] MainUpdater:2873 - connection check result : 10
2024-04-21 11:25:11,852 [INFO] MainUpdater:290 - Updater Check For Update Now.
2024-04-21 11:25:11,852 [INFO] MicroXplorer:498 - Change Database Version : DB.6.0.100
2024-04-21 11:25:11,885 [INFO] McuFinderGlobals:63 - Set McuFinder mode to 2 (CubeIDE integrated)
2024-04-21 11:25:12,217 [INFO] CheckServerUpdateThread:120 - End of CheckServer Thread
2024-04-21 11:25:12,316 [INFO] MainUpdater:2873 - connection check result : 10
2024-04-21 11:25:12,330 [INFO] MainUpdater:2873 - connection check result : 10
2024-04-21 11:25:12,383 [INFO] UserAuth:404 - Internet connection configuration mode: 1
2024-04-21 11:25:12,418 [INFO] JxBrowserEngine:152 - Initiate JxBrowser Engine with user profile folder
2024-04-21 11:25:12,701 [INFO] MicroXplorer:468 - Change Database Path : 
2024-04-21 11:25:12,701 [INFO] MicroXplorer:498 - Change Database Version : DB.6.0.100
2024-04-21 11:25:12,707 [WARN] ThirdParty:871 - waiting for thirdparty lock release [close project]
2024-04-21 11:25:13,862 [WARN] PackLoader:240 - Cannot read IP mode file for STMicroelectronics.FP-SNS-MOTENVWB1.1.4.0
2024-04-21 11:25:13,893 [WARN] PackLoader:240 - Cannot read IP mode file for STMicroelectronics.X-CUBE-SMBUS.2.1.0
2024-04-21 11:25:13,914 [WARN] PackLoader:240 - Cannot read IP mode file for STMicroelectronics.X-CUBE-TOUCHGFX.4.23.1
2024-04-21 11:25:13,931 [WARN] PackLoader:240 - Cannot read IP mode file for STMicroelectronics.X-CUBE-TOUCHGFX.4.23.0
2024-04-21 11:25:13,949 [WARN] PackLoader:240 - Cannot read IP mode file for STMicroelectronics.X-CUBE-TOUCHGFX.4.23.2
2024-04-21 11:25:14,026 [WARN] PackLoader:240 - Cannot read IP mode file for STMicroelectronics.X-CUBE-AZRTOS-F7.1.1.0
2024-04-21 11:25:14,068 [WARN] PackLoader:240 - Cannot read IP mode file for STMicroelectronics.FP-SNS-MOTENV1.4.3.2
2024-04-21 11:25:14,098 [WARN] PackLoader:240 - Cannot read IP mode file for STMicroelectronics.FP-SNS-FLIGHT1.5.0.2
2024-04-21 11:25:14,128 [WARN] PackLoader:240 - Cannot read IP mode file for STMicroelectronics.X-CUBE-DISPLAY.3.0.0
2024-04-21 11:25:14,169 [WARN] PackLoader:240 - Cannot read IP mode file for STMicroelectronics.X-CUBE-BLE1.7.0.0
2024-04-21 11:25:14,194 [WARN] PackLoader:240 - Cannot read IP mode file for emotas.I-CUBE-CANOPEN.1.3.0
2024-04-21 11:25:14,237 [WARN] PackLoader:240 - Cannot read IP mode file for STMicroelectronics.X-CUBE-BLEMGR.3.1.0
2024-04-21 11:25:14,268 [WARN] PackLoader:240 - Cannot read IP mode file for STMicroelectronics.FP-SNS-SMARTAG2.1.2.0
2024-04-21 11:25:14,302 [INFO] LogOutputStream:77 - [STDOUT_REDIRECT] 1 : Invalid condition id : UX_CORESTACK_Condition cause : null
2024-04-21 11:25:14,305 [INFO] LogOutputStream:77 - [STDOUT_REDIRECT] 1 : Invalid condition id : UX_CORESTACK_Condition cause : null
2024-04-21 11:25:14,306 [INFO] LogOutputStream:77 - [STDOUT_REDIRECT] 1 : Invalid condition id : UX_CORESTACK_Condition cause : null
2024-04-21 11:25:14,309 [INFO] LogOutputStream:77 - [STDOUT_REDIRECT] 1 : Invalid condition id : UX_CORESTACK_Condition cause : null
2024-04-21 11:25:14,311 [INFO] LogOutputStream:77 - [STDOUT_REDIRECT] 1 : Invalid condition id : UX_CORESTACK_Condition cause : null
2024-04-21 11:25:14,315 [WARN] PackLoader:240 - Cannot read IP mode file for STMicroelectronics.X-CUBE-AZRTOS-WL.2.0.0
2024-04-21 11:25:14,334 [WARN] PackLoader:240 - Cannot read IP mode file for STMicroelectronics.FP-SNS-MOTENV1.5.0.0
2024-04-21 11:25:14,367 [WARN] PackLoader:240 - Cannot read IP mode file for WES.I-CUBE-Cesium.1.3.0
2024-04-21 11:25:14,393 [WARN] PackLoader:240 - Cannot read IP mode file for STMicroelectronics.X-CUBE-BLE2.3.3.0
2024-04-21 11:25:14,416 [WARN] PackLoader:240 - Cannot read IP mode file for STMicroelectronics.X-CUBE-TCPP.4.1.0
2024-04-21 11:25:14,438 [WARN] PackLoader:240 - Cannot read IP mode file for STMicroelectronics.X-CUBE-ALGOBUILD.1.3.0
2024-04-21 11:25:14,487 [WARN] PackLoader:240 - Cannot read IP mode file for STMicroelectronics.X-CUBE-AZRTOS-G0.1.1.0
2024-04-21 11:25:14,518 [WARN] PackLoader:240 - Cannot read IP mode file for STMicroelectronics.X-CUBE-SAFEA1.1.2.2
2024-04-21 11:25:14,540 [WARN] PackLoader:240 - Cannot read IP mode file for STMicroelectronics.X-CUBE-NFC4.3.0.0
2024-04-21 11:25:14,573 [WARN] PackLoader:240 - Cannot read IP mode file for STMicroelectronics.X-CUBE-BLEMGR.3.0.0
2024-04-21 11:25:14,598 [WARN] PackLoader:240 - Cannot read IP mode file for STMicroelectronics.FP-ATR-SIGFOX1.3.2.0
2024-04-21 11:25:14,665 [WARN] PackLoader:240 - Cannot read IP mode file for SEGGER.I-CUBE-embOS.1.3.1
2024-04-21 11:25:14,764 [WARN] PackLoader:240 - Cannot read IP mode file for STMicroelectronics.X-CUBE-GNSS1.6.0.0
2024-04-21 11:25:14,835 [WARN] PackLoader:240 - Cannot read IP mode file for STMicroelectronics.X-CUBE-AZRTOS-F4.1.1.0
2024-04-21 11:25:14,866 [WARN] PackLoader:240 - Cannot read IP mode file for wolfSSL.I-CUBE-wolfSSL.5.6.6
2024-04-21 11:25:14,922 [WARN] PackLoader:240 - Cannot read IP mode file for STMicroelectronics.X-CUBE-AZRTOS-L5.2.0.0
2024-04-21 11:25:14,958 [WARN] PackLoader:240 - Cannot read IP mode file for STMicroelectronics.X-CUBE-NFC6.3.1.0
2024-04-21 11:25:14,988 [WARN] PackLoader:240 - Cannot read IP mode file for ITTIA_DB.I-CUBE-ITTIADB.8.8.0
2024-04-21 11:25:15,008 [WARN] PackLoader:240 - Cannot read IP mode file for STMicroelectronics.X-CUBE-AI.9.0.0
2024-04-21 11:25:15,032 [WARN] PackLoader:240 - Cannot read IP mode file for STMicroelectronics.X-CUBE-NFC7.1.0.1
2024-04-21 11:25:15,057 [WARN] PackLoader:240 - Cannot read IP mode file for STMicroelectronics.X-CUBE-NFC6.3.0.0
2024-04-21 11:25:15,081 [WARN] PackLoader:240 - Cannot read IP mode file for STMicroelectronics.X-CUBE-AI.8.1.0
2024-04-21 11:25:15,129 [WARN] ConditionMgr:438 - getConditionDescription Invalid condition id : LAN8742 Phy interface Condition cause : null
2024-04-21 11:25:15,130 [WARN] PackLoader:240 - Cannot read IP mode file for STMicroelectronics.X-CUBE-AZRTOS-L4.2.0.0
2024-04-21 11:25:15,132 [WARN] ConditionMgr:1039 - genDependencies : Invalid condition id : LAN8742 Phy interface Condition cause : null
2024-04-21 11:25:15,133 [WARN] ConditionMgr:1039 - genDependencies : Invalid condition id : LAN8742 Phy interface Condition cause : null
2024-04-21 11:25:15,133 [WARN] ConditionMgr:1039 - genDependencies : Invalid condition id : LAN8742 Phy interface Condition cause : null
2024-04-21 11:25:15,156 [WARN] PackLoader:240 - Cannot read IP mode file for STMicroelectronics.X-CUBE-SFXS2LP1.4.0.0
2024-04-21 11:25:15,197 [WARN] ConditionMgr:438 - getConditionDescription Invalid condition id : UX DEVICE CLASS RTOS Condition cause : null
2024-04-21 11:25:15,197 [WARN] ConditionMgr:438 - getConditionDescription Invalid condition id : UX DEVICE CLASS RTOS Condition cause : null
2024-04-21 11:25:15,200 [WARN] PackLoader:240 - Cannot read IP mode file for STMicroelectronics.X-CUBE-AZRTOS-WB.2.0.0
2024-04-21 11:25:15,201 [WARN] ConditionMgr:1039 - genDependencies : Invalid condition id : UX DEVICE CLASS RTOS Condition cause : null
2024-04-21 11:25:15,201 [WARN] ConditionMgr:1039 - genDependencies : Invalid condition id : UX DEVICE CLASS RTOS Condition cause : null
2024-04-21 11:25:15,202 [WARN] ConditionMgr:1039 - genDependencies : Invalid condition id : UX DEVICE CLASS RTOS Condition cause : null
2024-04-21 11:25:15,202 [WARN] ConditionMgr:1039 - genDependencies : Invalid condition id : UX DEVICE CLASS RTOS Condition cause : null
2024-04-21 11:25:15,202 [WARN] ConditionMgr:1039 - genDependencies : Invalid condition id : UX DEVICE CLASS RTOS Condition cause : null
2024-04-21 11:25:15,234 [WARN] PackLoader:240 - Cannot read IP mode file for STMicroelectronics.X-CUBE-SUBG2.5.0.0
2024-04-21 11:25:15,281 [WARN] PackLoader:240 - Cannot read IP mode file for STMicroelectronics.X-CUBE-AZRTOS-G4.2.0.0
2024-04-21 11:25:15,318 [WARN] PackLoader:240 - Cannot read IP mode file for Infineon.AIROC-Wi-Fi-Bluetooth-STM32.1.5.1
2024-04-21 11:25:15,345 [WARN] PackLoader:240 - Cannot read IP mode file for STMicroelectronics.FP-SNS-MOTENVWB1.1.3.1
2024-04-21 11:25:15,419 [WARN] PackLoader:240 - Cannot read IP mode file for STMicroelectronics.X-CUBE-MEMS1.10.0.0
2024-04-21 11:25:15,629 [WARN] PackLoader:240 - Cannot read IP mode file for STMicroelectronics.X-CUBE-FREERTOS.1.1.0
2024-04-21 11:25:15,653 [WARN] PackLoader:240 - Cannot read IP mode file for portGmbH.I-Cube-SoM-uGOAL.1.1.0
2024-04-21 11:25:15,676 [WARN] PackLoader:240 - Cannot read IP mode file for STMicroelectronics.X-CUBE-ALS.1.0.1
2024-04-21 11:25:15,721 [WARN] PackLoader:240 - Cannot read IP mode file for STMicroelectronics.X-CUBE-AZRTOS-H7RS.1.0.0
2024-04-21 11:25:15,745 [WARN] PackLoader:240 - Cannot read IP mode file for STMicroelectronics.FP-ATR-ASTRA1.2.0.0
2024-04-21 11:25:15,778 [WARN] PackLoader:240 - Cannot read IP mode file for STMicroelectronics.X-CUBE-TOF1.3.4.0
2024-04-21 11:25:15,819 [WARN] PackLoader:240 - Cannot read IP mode file for STMicroelectronics.X-CUBE-TOF1.3.4.1
2024-04-21 11:25:15,879 [WARN] PackLoader:240 - Cannot read IP mode file for STMicroelectronics.X-CUBE-AZRTOS-H7.3.2.0
2024-04-21 11:25:15,883 [INFO] ThirdParty:978 - Integrity check success = true
2024-04-21 11:25:15,884 [INFO] IntegrityCheckThread:100 - exiting critical section [integrity check]
2024-04-21 11:25:15,884 [INFO] IntegrityCheckThread:103 - End integrity checks thread
2024-04-21 11:25:15,884 [INFO] ThirdParty:873 - entering critical section [close project]
2024-04-21 11:25:15,886 [INFO] ThirdParty:883 - exiting critical section [close project]
2024-04-21 11:25:15,892 [INFO] PinOutPanel:1499 - setPackage(No Configuration,No Configuration)
2024-04-21 11:25:15,901 [INFO] UtilMem:75 - Begin LoadConfig() Used Memory: 178961792 Bytes (371195904)
2024-04-21 11:25:15,905 [INFO] MicroXplorer:468 - Change Database Path : 
2024-04-21 11:25:15,905 [INFO] MicroXplorer:498 - Change Database Version : DB.6.0.100
2024-04-21 11:25:15,905 [INFO] OpenFileManager:312 - Change cursor
2024-04-21 11:25:16,006 [INFO] Mcu:2016 - Initializing MCU STM32F439Z(G-I)Tx STM32F439ZITx STM32F439ZIT6
2024-04-21 11:25:18,046 [INFO] WebApp:161 - Instantiating new browser for Auth
2024-04-21 11:25:19,661 [INFO] WebApp:780 - Register for checkConnection events
2024-04-21 11:25:19,661 [INFO] WebApp:414 - Apply proxy settings
2024-04-21 11:25:19,661 [INFO] WebApp:499 - Chromium requires no authentication
2024-04-21 11:25:19,676 [INFO] WebApp:442 - Direct internet connection detected
2024-04-21 11:25:20,088 [INFO] WebApp:192 - Starting web application
2024-04-21 11:25:20,088 [INFO] WebApp:544 - Web application path used D:\downloads\STM\STM32CubeIDE_1.14.1\STM32CubeIDE\plugins\com.st.stm32cube.common.mx_6.10.0.202311202037\db\plugins\mcufinder\reactClient1\index.html
2024-04-21 11:25:21,392 [INFO] Context:659 - Trying to add GPIOservice into a context  which must be forbidden
2024-04-21 11:25:22,457 [INFO] RtosManager:555 - Registered RTOS mode: class=CMSIS, group=RTOS, mode=CMSIS_V1, owner=FREERTOS
2024-04-21 11:25:22,457 [INFO] RtosManager:555 - Registered RTOS mode: class=CMSIS, group=RTOS2, mode=CMSIS_V2, owner=FREERTOS
2024-04-21 11:25:22,457 [INFO] RtosManager:555 - Registered RTOS mode: class=RTOS, group=Core, mode=CMSIS_V1, owner=FREERTOS
2024-04-21 11:25:22,457 [INFO] RtosManager:555 - Registered RTOS mode: class=RTOS, group=Core, mode=CMSIS_V2, owner=FREERTOS
2024-04-21 11:25:22,459 [WARN] ModelIntegratedComponent:184 - Missing modes for component STMicroelectronics:FreeRTOS:0.0.1:STMicroelectronics:RTOS:FreeRTOS:Core:::10.2.0:
2024-04-21 11:25:22,487 [WARN] ModelIntegratedComponent:63 - No mode defined for component null
2024-04-21 11:25:22,489 [WARN] ModelIntegratedComponent:63 - No mode defined for component null
2024-04-21 11:25:22,489 [WARN] ModelIntegratedComponent:63 - No mode defined for component null
2024-04-21 11:25:22,489 [WARN] ModelIntegratedComponent:63 - No mode defined for component null
2024-04-21 11:25:22,489 [WARN] ModelIntegratedComponent:63 - No mode defined for component null
2024-04-21 11:25:22,489 [WARN] ModelIntegratedComponent:63 - No mode defined for component null
2024-04-21 11:25:22,489 [WARN] ModelIntegratedComponent:63 - No mode defined for component null
2024-04-21 11:25:22,489 [WARN] ModelIntegratedComponent:63 - No mode defined for component null
2024-04-21 11:25:22,489 [WARN] ModelIntegratedComponent:63 - No mode defined for component null
2024-04-21 11:25:22,489 [WARN] ModelIntegratedComponent:63 - No mode defined for component null
2024-04-21 11:25:22,489 [WARN] ModelIntegratedComponent:63 - No mode defined for component null
2024-04-21 11:25:22,489 [WARN] ModelIntegratedComponent:63 - No mode defined for component null
2024-04-21 11:25:22,489 [WARN] ModelIntegratedComponent:63 - No mode defined for component null
2024-04-21 11:25:22,489 [WARN] ModelIntegratedComponent:63 - No mode defined for component null
2024-04-21 11:25:22,489 [WARN] ModelIntegratedComponent:63 - No mode defined for component null
2024-04-21 11:25:22,490 [WARN] ModelIntegratedComponent:63 - No mode defined for component null
2024-04-21 11:25:22,490 [WARN] ModelIntegratedComponent:63 - No mode defined for component null
2024-04-21 11:25:22,490 [WARN] ModelIntegratedComponent:63 - No mode defined for component null
2024-04-21 11:25:22,490 [WARN] ModelIntegratedComponent:63 - No mode defined for component null
2024-04-21 11:25:22,490 [WARN] ModelIntegratedComponent:63 - No mode defined for component null
2024-04-21 11:25:22,490 [WARN] ModelIntegratedComponent:63 - No mode defined for component null
2024-04-21 11:25:22,490 [WARN] ModelIntegratedComponent:63 - No mode defined for component null
2024-04-21 11:25:22,490 [WARN] ModelIntegratedComponent:63 - No mode defined for component null
2024-04-21 11:25:22,490 [WARN] ModelIntegratedComponent:63 - No mode defined for component null
2024-04-21 11:25:22,490 [WARN] ModelIntegratedComponent:63 - No mode defined for component null
2024-04-21 11:25:22,490 [WARN] ModelIntegratedComponent:63 - No mode defined for component null
2024-04-21 11:25:22,490 [WARN] ModelIntegratedComponent:63 - No mode defined for component null
2024-04-21 11:25:22,491 [WARN] ModelIntegratedComponent:63 - No mode defined for component null
2024-04-21 11:25:22,491 [WARN] ModelIntegratedComponent:63 - No mode defined for component null
2024-04-21 11:25:22,491 [WARN] ModelIntegratedComponent:63 - No mode defined for component null
2024-04-21 11:25:22,491 [WARN] ModelIntegratedComponent:63 - No mode defined for component null
2024-04-21 11:25:22,491 [WARN] ModelIntegratedComponent:63 - No mode defined for component null
2024-04-21 11:25:22,491 [WARN] ModelIntegratedComponent:63 - No mode defined for component null
2024-04-21 11:25:22,729 [INFO] ThirdPartyModel:298 - Start build external matchings
2024-04-21 11:25:23,322 [INFO] ThirdPartyModel:316 - End build external matchings
2024-04-21 11:25:23,351 [INFO] ImportTextPane:194 - (OptionalMessage_ERROR) IP (RCC) : Invalid parameter (FamilyName)
2024-04-21 11:25:23,353 [INFO] ImportTextPane:194 - (OptionalMessage_ERROR) IP (RCC) : Parameter (RTCHSEDivFreq_Value) has invalid value (12500000)
2024-04-21 11:25:24,275 [INFO] UtilMem:75 - End LoadConfig() Used Memory: 169386152 Bytes (371195904)
2024-04-21 11:25:24,656 [INFO] ApiDb:581 - Connected to CubeFinder SQLite database (C:\Users\APURVA\.stmcufinder\plugins\mcufinder\mcu\cube-finder-db.db)
2024-04-21 11:25:24,817 [INFO] ApiDb:668 - CubeFinder database Data Model version=2.1
2024-04-21 11:25:24,817 [INFO] ApiDb:669 - CubeFinder database Configuration version=3.0.39
2024-04-21 11:25:24,817 [INFO] ApiDb:670 - CubeFinder database generation date=2024-03-25 (1711369621)
2024-04-21 11:25:24,817 [INFO] ApiDb:671 - CubeFinder database FW Pack versions=[FP-ATR-ASTRA1_V2.0.0, FP-SNS-FLIGHT1_V5.0.1, FP-SNS-FLIGHT1_V5.0.2, FP-SNS-MOTENV1_V4.3.1, FP-SNS-MOTENV1_V4.3.2, FP-SNS-MOTENVWB1_V1.3.1, FP-SNS-SMARTAG2_V1.2.0, STM32Cube_FW_C0_V1.1.0, STM32Cube_FW_F4_V1.28.0, STM32Cube_FW_F7_V1.17.0, STM32Cube_FW_G0_V1.6.2, STM32Cube_FW_G4_V1.5.2, STM32Cube_FW_H5_V0.5.1, STM32Cube_FW_H5_V1.1.1, STM32Cube_FW_H5_V1.2.0, STM32Cube_FW_H5_V1.2.0RC4, STM32Cube_FW_H7RS_V1.0.0, STM32Cube_FW_H7RS_V1.0.0RC4, STM32Cube_FW_H7_V1.11.0, STM32Cube_FW_L0_V1.12.2, STM32Cube_FW_L5_V1.5.1, STM32Cube_FW_U0_V1.0.0, STM32Cube_FW_U0_V1.0.0RC1, STM32Cube_FW_U5_V1.3.0RC4, STM32Cube_FW_U5_V1.5.0, STM32Cube_FW_U5_V1.5.0RC1, STM32Cube_FW_WBA_V1.0.0RC1, STM32Cube_FW_WBA_V1.2.0, STM32Cube_FW_WBA_V1.2.0RC2, STM32Cube_FW_WBA_V1.3.0, STM32Cube_FW_WBA_V1.3.0RC1, STM32Cube_FW_WB_V1.15.0RC1, STM32Cube_FW_WB_V1.16.0, STM32Cube_FW_WB_V1.16.0RC2, STM32Cube_FW_WB_V1.18.0, STM32Cube_FW_WB_V1.19.0, STM32Cube_FW_WL_V1.3.0, X-CUBE-ALGOBUILD_V1.3.0, X-CUBE-ALS_V1.0.1, X-CUBE-AZRTOS-F4_V1.1.0, X-CUBE-AZRTOS-F7_V1.1.0, X-CUBE-AZRTOS-G0_V1.1.0, X-CUBE-AZRTOS-G4_V2.0.0, X-CUBE-AZRTOS-H7_V3.2.0, X-CUBE-AZRTOS-L4_V1.0.0, X-CUBE-AZRTOS-L4_V2.0.0, X-CUBE-AZRTOS-L5_V1.1.0, X-CUBE-AZRTOS-WB_V2.0.0, X-CUBE-AZRTOS-WL_V2.0.0, X-CUBE-BLE1_V7.0.0, X-CUBE-BLE2_V3.3.0, X-CUBE-BLEMGR_V3.1.0, X-CUBE-EEPRMA1_V4.1.0, X-CUBE-EEPRMA1_V5.1.0, X-CUBE-FREERTOS_V1.1.0, X-CUBE-GNSS1_V6.0.0, X-CUBE-MEMS1_V10.0.0, X-CUBE-MEMS1_V9.1.0, X-CUBE-MEMS1_V9.4.0, X-CUBE-MEMS1_V9.6.0, X-CUBE-NFC4_V3.0.0, X-CUBE-NFC7_V1.0.1, X-CUBE-SFXS2LP1_V4.0.0, X-CUBE-SUBG2_V5.0.0, X-CUBE-TOF1_V3.4.0]
2024-04-21 11:25:29,605 [INFO] ApiDb:240 - Found 371 in-development CPN: [B-G473E-ZEST1S, B-WB1M-WPAN1, B-WL5M-SUBG1, NUCLEO-C031C6, NUCLEO-H503RB, NUCLEO-H563ZI, NUCLEO-U545RE-Q, NUCLEO-U5A5ZJ-Q, NUCLEO-WBA52CG, NUCLEO-WBA55CG, STEVAL-MKBOXPRO, STEVAL-PROTEUS1, STEVAL-STWINBX1, STM320518-EVAL, STM32C0116-DK, STM32C011D6Y3TR, STM32C011D6Y6TR, STM32C011F4P3, STM32C011F4P6, STM32C011F4U3, STM32C011F4U6TR, STM32C011F6P3, STM32C011F6P6, STM32C011F6U3, STM32C011F6U6TR, STM32C011J4M3, STM32C011J4M6, STM32C011J6M3, STM32C011J6M6, STM32C0316-DK, STM32C031C4T3, STM32C031C4T6, STM32C031C4U3, STM32C031C4U6, STM32C031C6T3, STM32C031C6T6, STM32C031C6U3, STM32C031C6U6, STM32C031F4P3, STM32C031F4P6, STM32C031F6P3, STM32C031F6P6, STM32C031G4U3, STM32C031G4U6, STM32C031G6U3, STM32C031G6U6, STM32C031K4T3, STM32C031K4T6, STM32C031K4U3, STM32C031K4U6, STM32C031K6T3, STM32C031K6T6, STM32C031K6U3, STM32C031K6U6, STM32G071K8TXN, STM32G071K8UXN, STM32G081GBU6N, STM32G081KBT6N, STM32G081KBUXN, STM32G0B1CCT6N, STM32G0B1KCT6, STM32G0B1NEY6TR, STM32G0B1RCT6N, STM32G0C1CCT6, STM32G0C1CCT6N, STM32G0C1CCU6N, STM32G0C1CET6N, STM32G0C1CEU6N, STM32G0C1KCT6, STM32G0C1NEY6TR, STM32G0C1RCI6N, STM32G0C1RCT6N, STM32G0C1REI6N, STM32G0C1RET6N, STM32G0C1VCI6, STM32G0C1VEI6, STM32G471CCT6, STM32G471CCU6, STM32G471CET3, STM32G471CET6, STM32G471CEU3, STM32G471CEU6, STM32G471MCT6, STM32G471MET3, STM32G471MET6, STM32G471MEY6TR, STM32G471QCT6, STM32G471QET3, STM32G471RCT6, STM32G471RET3, STM32G471RET6, STM32G471VCH6, STM32G471VCI6, STM32G471VCT6, STM32G471VEH3, STM32G471VEH6, STM32G471VEI3, STM32G471VEI6, STM32G471VET3, STM32G471VET6, STM32G474CCT6, STM32H503CBT6, STM32H503CBU6, STM32H503EBY6TR, STM32H503KBU6, STM32H503RBT6, STM32H562AGI6, STM32H562AII6, STM32H562IGK6, STM32H562IGT6, STM32H562IIK6, STM32H562IIT6, STM32H562RGT6, STM32H562RGV6, STM32H562RIT6, STM32H562RIV6, STM32H562VGT6, STM32H562VIT6, STM32H562ZGT6, STM32H562ZIT6, STM32H563AGI6, STM32H563AII3Q, STM32H563AII6, STM32H563IGK6, STM32H563IGT6, STM32H563IIK3Q, STM32H563IIK6, STM32H563IIT3Q, STM32H563IIT6, STM32H563MIY3QTR, STM32H563RGT6, STM32H563RGV6, STM32H563RIT6, STM32H563RIV6, STM32H563VGT6, STM32H563VIT3Q, STM32H563VIT6, STM32H563ZGT6, STM32H563ZIT3Q, STM32H563ZIT6, STM32H573AII3Q, STM32H573AII6, STM32H573I-DK, STM32H573IIK3Q, STM32H573IIK6, STM32H573IIT3Q, STM32H573IIT6, STM32H573MIY3QTR, STM32H573RIT6, STM32H573RIV6, STM32H573VIT3Q, STM32H573VIT6, STM32H573ZIT3Q, STM32H573ZIT6, STM32L4R5QGI6STR, STM32MP131AAE3, STM32MP131AAF3, STM32MP131AAG3, STM32MP131CAE3, STM32MP131CAF3, STM32MP131CAG3, STM32MP131DAE7, STM32MP131DAF7, STM32MP131DAG7, STM32MP131FAE7, STM32MP131FAF7, STM32MP131FAG7, STM32MP133AAE3, STM32MP133AAF3, STM32MP133AAG3, STM32MP133CAE3, STM32MP133CAF3, STM32MP133CAG3, STM32MP133DAE7, STM32MP133DAF7, STM32MP133DAG7, STM32MP133FAE7, STM32MP133FAF7, STM32MP133FAG7, STM32MP135AAE3, STM32MP135AAF3, STM32MP135AAG3, STM32MP135CAE3, STM32MP135CAF3, STM32MP135CAG3, STM32MP135DAE7, STM32MP135DAF7, STM32MP135DAG7, STM32MP135F-DK, STM32MP135FAE7, STM32MP135FAF7, STM32MP135FAF7T, STM32MP135FAF7U, STM32MP135FAG7, STM32U535CBT6, STM32U535CBT6Q, STM32U535CBU6, STM32U535CBU6Q, STM32U535CCT6, STM32U535CCT6Q, STM32U535CCU6, STM32U535CCU6Q, STM32U535CET6, STM32U535CET6Q, STM32U535CEU6, STM32U535CEU6Q, STM32U535JEY6QTR, STM32U535NCY6QTR, STM32U535NEY6QTR, STM32U535RBI6, STM32U535RBI6Q, STM32U535RBT6, STM32U535RBT6Q, STM32U535RCI6, STM32U535RCI6Q, STM32U535RCT6, STM32U535RCT6Q, STM32U535REI6, STM32U535REI6Q, STM32U535RET6, STM32U535RET6Q, STM32U535VCI6, STM32U535VCI6Q, STM32U535VCT6, STM32U535VCT6Q, STM32U535VEI6, STM32U535VEI6Q, STM32U535VET6, STM32U535VET6Q, STM32U545CET6, STM32U545CET6Q, STM32U545CEU6, STM32U545CEU6Q, STM32U545JEY6QTR, STM32U545NEY6QTR, STM32U545REI6, STM32U545REI6Q, STM32U545RET6, STM32U545RET6Q, STM32U545VEI6, STM32U545VEI6Q, STM32U545VET6, STM32U545VET6Q, STM32U595AIH6, STM32U595AIH6Q, STM32U595AJH6, STM32U595AJH6Q, STM32U595QII6, STM32U595QII6Q, STM32U595QJI6, STM32U595QJI6Q, STM32U595RIT6, STM32U595RIT6Q, STM32U595RJT6, STM32U595RJT6Q, STM32U595VIT6, STM32U595VIT6Q, STM32U595VJT6, STM32U595VJT6Q, STM32U595ZIT6, STM32U595ZIT6Q, STM32U595ZIY6QTR, STM32U595ZJT6, STM32U595ZJT6Q, STM32U595ZJY6QTR, STM32U599BJY6QTR, STM32U599NIH6Q, STM32U599NJH6Q, STM32U599VIT6Q, STM32U599VJT6, STM32U599VJT6Q, STM32U599ZIT6Q, STM32U599ZIY6QTR, STM32U599ZJT6Q, STM32U599ZJY6QTR, STM32U5A5AJH6, STM32U5A5AJH6Q, STM32U5A5QJI6, STM32U5A5QJI6Q, STM32U5A5RJT6, STM32U5A5RJT6Q, STM32U5A5VJT6, STM32U5A5VJT6Q, STM32U5A5ZJT6, STM32U5A5ZJT6Q, STM32U5A5ZJY6QTR, STM32U5A9BJY6QTR, STM32U5A9J-DK, STM32U5A9NJH6Q, STM32U5A9VJT6Q, STM32U5A9ZJT6Q, STM32U5A9ZJY6QTR, STM32U5F7VIT6, STM32U5F7VIT6Q, STM32U5F7VJT6, STM32U5F7VJT6Q, STM32U5F9BJY6QTR, STM32U5F9NJH6Q, STM32U5F9VIT6Q, STM32U5F9VJT6Q, STM32U5F9ZIJ6QTR, STM32U5F9ZIT6Q, STM32U5F9ZJJ6QTR, STM32U5F9ZJT6Q, STM32U5G7VJT6, STM32U5G7VJT6Q, STM32U5G9BJY6QTR, STM32U5G9J-DK1, STM32U5G9J-DK2, STM32U5G9NJH6Q, STM32U5G9VJT6Q, STM32U5G9ZJJ6QTR, STM32U5G9ZJT6Q, STM32WB1MMCH6, STM32WBA50KEU6, STM32WBA50KEU6TR, STM32WBA50KGU6, STM32WBA50KGU6TR, STM32WBA52CEU6, STM32WBA52CEU6TR, STM32WBA52CEU7, STM32WBA52CEU7TR, STM32WBA52CGU6, STM32WBA52CGU6TR, STM32WBA52CGU6U, STM32WBA52CGU7, STM32WBA52CGU7TR, STM32WBA52KEU6, STM32WBA52KEU6TR, STM32WBA52KGU6, STM32WBA52KGU6TR, STM32WBA54CEU6, STM32WBA54CEU6TR, STM32WBA54CEU7, STM32WBA54CEU7TR, STM32WBA54CGU6, STM32WBA54CGU6TR, STM32WBA54CGU7, STM32WBA54CGU7TR, STM32WBA54KEU6, STM32WBA54KEU6TR, STM32WBA54KEU7, STM32WBA54KEU7TR, STM32WBA54KGU6, STM32WBA54KGU6TR, STM32WBA54KGU7, STM32WBA54KGU7TR, STM32WBA55CEU6, STM32WBA55CEU6TR, STM32WBA55CEU7, STM32WBA55CEU7TR, STM32WBA55CGU6, STM32WBA55CGU6TR, STM32WBA55CGU6U, STM32WBA55CGU7, STM32WBA55CGU7TR, STM32WBA55G-DK1, STM32WBA55HEF6, STM32WBA55HEF7, STM32WBA55HGF6, STM32WBA55HGF7, STM32WBA55UEI6, STM32WBA55UEI6TR, STM32WBA55UEI7, STM32WBA55UEI7TR, STM32WBA55UGI6, STM32WBA55UGI6TR, STM32WBA55UGI7, STM32WBA55UGI7TR, STM32WL5MOCH6, STM32WL5MOCH6TR]
2024-04-21 11:25:29,614 [INFO] DbMcus:218 - Found 4069 MCUs, 4069 are supported
2024-04-21 11:25:29,615 [INFO] ApiDb:423 - Load user favorites file C:\Users\APURVA/.stm32cubeide/favorites.mcus.txt: 0 item(s)
2024-04-21 11:25:29,615 [INFO] ApiDb:427 - User favorites MCUs=[]
2024-04-21 11:25:29,616 [INFO] DbMcus:224 - Set 0 / 0 favorites MCUs
2024-04-21 11:25:30,339 [INFO] MicroXplorer:468 - Change Database Path : 
2024-04-21 11:25:30,339 [INFO] MicroXplorer:498 - Change Database Version : DB.6.0.100
2024-04-21 11:25:30,340 [WARN] ThirdParty:833 - waiting for thirdparty lock release [change project]
2024-04-21 11:25:30,340 [INFO] ThirdParty:835 - entering critical section [change project]
2024-04-21 11:25:30,340 [INFO] ThirdParty:1030 - CMSIS Pack Vendor :STMicroelectronics USBPD 4.1
2024-04-21 11:25:30,340 [INFO] ThirdParty:1030 - CMSIS Pack Vendor :STMicroelectronics X-CUBE-GNSS1 6.0.0
2024-04-21 11:25:30,340 [INFO] ThirdParty:1030 - CMSIS Pack Vendor :STMicroelectronics USB_HOST 2.0.0
2024-04-21 11:25:30,340 [INFO] ThirdParty:1030 - CMSIS Pack Vendor :STMicroelectronics FP-SNS-MOTENVWB1 1.4.0
2024-04-21 11:25:30,340 [INFO] ThirdParty:1030 - CMSIS Pack Vendor :STMicroelectronics X-CUBE-AZRTOS-F4 1.1.0
2024-04-21 11:25:30,340 [INFO] ThirdParty:1030 - CMSIS Pack Vendor :STMicroelectronics LIBJPEG 8.0.0
2024-04-21 11:25:30,340 [INFO] ThirdParty:1030 - CMSIS Pack Vendor :STMicroelectronics X-CUBE-SMBUS 2.1.0
2024-04-21 11:25:30,340 [INFO] ThirdParty:1030 - CMSIS Pack Vendor :STMicroelectronics USB_DEVICE 3.0.0
2024-04-21 11:25:30,341 [INFO] ThirdParty:1030 - CMSIS Pack Vendor :STMicroelectronics X-CUBE-TCPP 4.1.0
2024-04-21 11:25:30,341 [INFO] ThirdParty:1030 - CMSIS Pack Vendor :STMicroelectronics X-CUBE-AZRTOS-WB 2.0.0
2024-04-21 11:25:30,341 [INFO] ThirdParty:1030 - CMSIS Pack Vendor :wolfSSL I-CUBE-wolfSSL 5.6.6
2024-04-21 11:25:30,341 [INFO] ThirdParty:1030 - CMSIS Pack Vendor :STMicroelectronics X-CUBE-TOUCHGFX 4.23.1
2024-04-21 11:25:30,341 [INFO] ThirdParty:1030 - CMSIS Pack Vendor :STMicroelectronics X-CUBE-TOUCHGFX 4.23.0
2024-04-21 11:25:30,341 [INFO] ThirdParty:1030 - CMSIS Pack Vendor :STMicroelectronics X-CUBE-TOUCHGFX 4.23.2
2024-04-21 11:25:30,341 [INFO] ThirdParty:1030 - CMSIS Pack Vendor :STMicroelectronics X-CUBE-AZRTOS-F7 1.1.0
2024-04-21 11:25:30,341 [INFO] ThirdParty:1030 - CMSIS Pack Vendor :STMicroelectronics X-CUBE-AZRTOS-L5 2.0.0
2024-04-21 11:25:30,341 [INFO] ThirdParty:1030 - CMSIS Pack Vendor :STMicroelectronics USB_DEVICE 2.0.0
2024-04-21 11:25:30,341 [INFO] ThirdParty:1030 - CMSIS Pack Vendor :STMicroelectronics X-CUBE-NFC6 3.1.0
2024-04-21 11:25:30,341 [INFO] ThirdParty:1030 - CMSIS Pack Vendor :ITTIA_DB I-CUBE-ITTIADB 8.8.0
2024-04-21 11:25:30,341 [INFO] ThirdParty:1030 - CMSIS Pack Vendor :STMicroelectronics FP-SNS-MOTENV1 4.3.2
2024-04-21 11:25:30,341 [INFO] ThirdParty:1030 - CMSIS Pack Vendor :STMicroelectronics X-CUBE-ALGOBUILD 1.3.0
2024-04-21 11:25:30,341 [INFO] ThirdParty:1030 - CMSIS Pack Vendor :STMicroelectronics FreeRTOS 0.0.1
2024-04-21 11:25:30,341 [INFO] ThirdParty:1030 - CMSIS Pack Vendor :STMicroelectronics X-CUBE-AZRTOS-G0 1.1.0
2024-04-21 11:25:30,342 [INFO] ThirdParty:1030 - CMSIS Pack Vendor :STMicroelectronics X-CUBE-SAFEA1 1.2.2
2024-04-21 11:25:30,342 [INFO] ThirdParty:1030 - CMSIS Pack Vendor :STMicroelectronics X-CUBE-NFC4 3.0.0
2024-04-21 11:25:30,342 [INFO] ThirdParty:1030 - CMSIS Pack Vendor :STMicroelectronics X-CUBE-SUBG2 5.0.0
2024-04-21 11:25:30,342 [INFO] ThirdParty:1030 - CMSIS Pack Vendor :STMicroelectronics STM32_WPAN 1.0.0
2024-04-21 11:25:30,342 [INFO] ThirdParty:1030 - CMSIS Pack Vendor :STMicroelectronics lwIP 2.0.3
2024-04-21 11:25:30,342 [INFO] ThirdParty:1030 - CMSIS Pack Vendor :STMicroelectronics FP-SNS-FLIGHT1 5.0.2
2024-04-21 11:25:30,342 [INFO] ThirdParty:1030 - CMSIS Pack Vendor :STMicroelectronics USB_HOST 1.0.0
2024-04-21 11:25:30,342 [INFO] ThirdParty:1030 - CMSIS Pack Vendor :STMicroelectronics X-CUBE-AI 9.0.0
2024-04-21 11:25:30,342 [INFO] ThirdParty:1030 - CMSIS Pack Vendor :STMicroelectronics X-CUBE-AZRTOS-G4 2.0.0
2024-04-21 11:25:30,342 [INFO] ThirdParty:1030 - CMSIS Pack Vendor :STMicroelectronics PDM2PCM 3.1.0
2024-04-21 11:25:30,342 [INFO] ThirdParty:1030 - CMSIS Pack Vendor :Infineon AIROC-Wi-Fi-Bluetooth-STM32 1.5.1
2024-04-21 11:25:30,342 [INFO] ThirdParty:1030 - CMSIS Pack Vendor :STMicroelectronics X-CUBE-BLEMGR 3.0.0
2024-04-21 11:25:30,343 [INFO] ThirdParty:1030 - CMSIS Pack Vendor :STMicroelectronics PDM2PCM 3.3.0
2024-04-21 11:25:30,343 [INFO] ThirdParty:1030 - CMSIS Pack Vendor :STMicroelectronics X-CUBE-DISPLAY 3.0.0
2024-04-21 11:25:30,343 [INFO] ThirdParty:1030 - CMSIS Pack Vendor :STMicroelectronics FP-SNS-MOTENVWB1 1.3.1
2024-04-21 11:25:30,343 [INFO] ThirdParty:1030 - CMSIS Pack Vendor :STMicroelectronics X-CUBE-BLE1 7.0.0
2024-04-21 11:25:30,343 [INFO] ThirdParty:1030 - CMSIS Pack Vendor :STMicroelectronics FP-ATR-SIGFOX1 3.2.0
2024-04-21 11:25:30,343 [INFO] ThirdParty:1030 - CMSIS Pack Vendor :STMicroelectronics HAL Drivers 0.0.0
2024-04-21 11:25:30,343 [INFO] ThirdParty:1030 - CMSIS Pack Vendor :STMicroelectronics MBEDTLS 2.16.2
2024-04-21 11:25:30,344 [INFO] ThirdParty:1030 - CMSIS Pack Vendor :emotas I-CUBE-CANOPEN 1.3.0
2024-04-21 11:25:30,344 [INFO] ThirdParty:1030 - CMSIS Pack Vendor :STMicroelectronics X-CUBE-MEMS1 10.0.0
2024-04-21 11:25:30,344 [INFO] ThirdParty:1030 - CMSIS Pack Vendor :STMicroelectronics X-CUBE-FREERTOS 1.1.0
2024-04-21 11:25:30,344 [INFO] ThirdParty:1030 - CMSIS Pack Vendor :STMicroelectronics X-CUBE-NFC7 1.0.1
2024-04-21 11:25:30,344 [INFO] ThirdParty:1030 - CMSIS Pack Vendor :STMicroelectronics MBEDTLS 2.14.1
2024-04-21 11:25:30,345 [INFO] ThirdParty:1030 - CMSIS Pack Vendor :STMicroelectronics X-CUBE-NFC6 3.0.0
2024-04-21 11:25:30,345 [INFO] ThirdParty:1030 - CMSIS Pack Vendor :portGmbH I-Cube-SoM-uGOAL 1.1.0
2024-04-21 11:25:30,345 [INFO] ThirdParty:1030 - CMSIS Pack Vendor :STMicroelectronics X-CUBE-ALS 1.0.1
2024-04-21 11:25:30,345 [INFO] ThirdParty:1030 - CMSIS Pack Vendor :STMicroelectronics X-CUBE-BLEMGR 3.1.0
2024-04-21 11:25:30,345 [INFO] ThirdParty:1030 - CMSIS Pack Vendor :STMicroelectronics ThreadX 1.0.0
2024-04-21 11:25:30,345 [INFO] ThirdParty:1030 - CMSIS Pack Vendor :STMicroelectronics FP-SNS-SMARTAG2 1.2.0
2024-04-21 11:25:30,345 [INFO] ThirdParty:1030 - CMSIS Pack Vendor :STMicroelectronics X-CUBE-AZRTOS-WL 2.0.0
2024-04-21 11:25:30,345 [INFO] ThirdParty:1030 - CMSIS Pack Vendor :SEGGER I-CUBE-embOS 1.3.1
2024-04-21 11:25:30,345 [INFO] ThirdParty:1030 - CMSIS Pack Vendor :STMicroelectronics FP-SNS-MOTENV1 5.0.0
2024-04-21 11:25:30,345 [INFO] ThirdParty:1030 - CMSIS Pack Vendor :STMicroelectronics USB_DEVICE 1.0.0
2024-04-21 11:25:30,345 [INFO] ThirdParty:1030 - CMSIS Pack Vendor :STMicroelectronics X-CUBE-AI 8.1.0
2024-04-21 11:25:30,345 [INFO] ThirdParty:1030 - CMSIS Pack Vendor :STMicroelectronics X-CUBE-AZRTOS-H7RS 1.0.0
2024-04-21 11:25:30,345 [INFO] ThirdParty:1030 - CMSIS Pack Vendor :STMicroelectronics X-CUBE-AZRTOS-L4 2.0.0
2024-04-21 11:25:30,345 [INFO] ThirdParty:1030 - CMSIS Pack Vendor :STMicroelectronics ThreadX 0.0.2
2024-04-21 11:25:30,346 [INFO] ThirdParty:1030 - CMSIS Pack Vendor :WES I-CUBE-Cesium 1.3.0
2024-04-21 11:25:30,346 [INFO] ThirdParty:1030 - CMSIS Pack Vendor :STMicroelectronics FP-ATR-ASTRA1 2.0.0
2024-04-21 11:25:30,346 [INFO] ThirdParty:1030 - CMSIS Pack Vendor :STMicroelectronics lwIP 2.1.2
2024-04-21 11:25:30,346 [INFO] ThirdParty:1030 - CMSIS Pack Vendor :STMicroelectronics X-CUBE-SFXS2LP1 4.0.0
2024-04-21 11:25:30,346 [INFO] ThirdParty:1030 - CMSIS Pack Vendor :STMicroelectronics X-CUBE-BLE2 3.3.0
2024-04-21 11:25:30,346 [INFO] ThirdParty:1030 - CMSIS Pack Vendor :STMicroelectronics X-CUBE-TOF1 3.4.0
2024-04-21 11:25:30,346 [INFO] ThirdParty:1030 - CMSIS Pack Vendor :STMicroelectronics X-CUBE-TOF1 3.4.1
2024-04-21 11:25:30,346 [INFO] ThirdParty:1030 - CMSIS Pack Vendor :STMicroelectronics X-CUBE-AZRTOS-H7 3.2.0
2024-04-21 11:25:30,346 [INFO] ThirdParty:1030 - CMSIS Pack Vendor :STMicroelectronics PDM2PCM 3.2.0
2024-04-21 11:25:30,348 [INFO] ThirdParty:841 - exiting critical section [change project]
2024-04-21 11:25:31,272 [INFO] PinOutPanel:1499 - setPackage(No Configuration,No Configuration)
2024-04-21 11:25:31,275 [INFO] PinOutPanel:1499 - setPackage(STM32F439ZITx,LQFP144)
2024-04-21 11:25:32,238 [INFO] UtilMem:75 - Before build in PCC Used Memory: 215018416 Bytes (371195904)
2024-04-21 11:25:34,802 [INFO] UtilMem:75 - After build in PCC Used Memory: 278455216 Bytes (371195904)
2024-04-21 11:25:34,867 [INFO] IPUIPlugin:80 - create IPUIPlugin
2024-04-21 11:25:34,867 [INFO] IPUIPlugin:80 - create IPUIPlugin
2024-04-21 11:25:34,867 [INFO] IPUIPlugin:80 - create IPUIPlugin
2024-04-21 11:25:34,867 [INFO] IPUIPlugin:80 - create IPUIPlugin
2024-04-21 11:25:34,867 [INFO] IPUIPlugin:80 - create IPUIPlugin
2024-04-21 11:25:34,867 [INFO] IPUIPlugin:80 - create IPUIPlugin
2024-04-21 11:25:34,867 [INFO] IPUIPlugin:80 - create IPUIPlugin
2024-04-21 11:25:34,868 [INFO] IPUIPlugin:80 - create IPUIPlugin
2024-04-21 11:25:34,868 [INFO] IPUIPlugin:80 - create IPUIPlugin
2024-04-21 11:25:34,868 [INFO] IPUIPlugin:80 - create IPUIPlugin
2024-04-21 11:25:34,868 [INFO] IPUIPlugin:80 - create IPUIPlugin
2024-04-21 11:25:34,868 [INFO] IPUIPlugin:80 - create IPUIPlugin
2024-04-21 11:25:34,868 [INFO] IPUIPlugin:80 - create IPUIPlugin
2024-04-21 11:25:34,869 [INFO] IPUIPlugin:80 - create IPUIPlugin
2024-04-21 11:25:34,869 [INFO] IPUIPlugin:80 - create IPUIPlugin
2024-04-21 11:25:34,869 [INFO] IPUIPlugin:80 - create IPUIPlugin
2024-04-21 11:25:34,869 [INFO] IPUIPlugin:80 - create IPUIPlugin
2024-04-21 11:25:34,869 [INFO] IPUIPlugin:80 - create IPUIPlugin
2024-04-21 11:25:34,869 [INFO] IPUIPlugin:80 - create IPUIPlugin
2024-04-21 11:25:34,869 [INFO] IPUIPlugin:80 - create IPUIPlugin
2024-04-21 11:25:34,870 [INFO] IPUIPlugin:80 - create IPUIPlugin
2024-04-21 11:25:34,870 [INFO] IPUIPlugin:80 - create IPUIPlugin
2024-04-21 11:25:34,870 [INFO] IPUIPlugin:80 - create IPUIPlugin
2024-04-21 11:25:34,870 [INFO] IPUIPlugin:80 - create IPUIPlugin
2024-04-21 11:25:34,870 [INFO] IPUIPlugin:80 - create IPUIPlugin
2024-04-21 11:25:34,870 [INFO] IPUIPlugin:80 - create IPUIPlugin
2024-04-21 11:25:34,871 [INFO] IPUIPlugin:80 - create IPUIPlugin
2024-04-21 11:25:34,871 [INFO] IPUIPlugin:80 - create IPUIPlugin
2024-04-21 11:25:34,871 [INFO] IPUIPlugin:80 - create IPUIPlugin
2024-04-21 11:25:34,871 [INFO] IPUIPlugin:80 - create IPUIPlugin
2024-04-21 11:25:34,873 [INFO] IPUIPlugin:80 - create IPUIPlugin
2024-04-21 11:25:34,873 [INFO] IPUIPlugin:80 - create IPUIPlugin
2024-04-21 11:25:34,873 [INFO] IPUIPlugin:80 - create IPUIPlugin
2024-04-21 11:25:34,873 [INFO] IPUIPlugin:80 - create IPUIPlugin
2024-04-21 11:25:34,874 [INFO] IPUIPlugin:80 - create IPUIPlugin
2024-04-21 11:25:34,874 [INFO] IPUIPlugin:80 - create IPUIPlugin
2024-04-21 11:25:34,874 [INFO] IPUIPlugin:80 - create IPUIPlugin
2024-04-21 11:25:34,874 [INFO] IPUIPlugin:80 - create IPUIPlugin
2024-04-21 11:25:34,875 [INFO] IPUIPlugin:80 - create IPUIPlugin
2024-04-21 11:25:34,875 [INFO] IPUIPlugin:80 - create IPUIPlugin
2024-04-21 11:25:34,875 [INFO] IPUIPlugin:80 - create IPUIPlugin
2024-04-21 11:25:34,875 [INFO] IPUIPlugin:80 - create IPUIPlugin
2024-04-21 11:25:34,876 [INFO] IPUIPlugin:80 - create IPUIPlugin
2024-04-21 11:25:34,876 [INFO] IPUIPlugin:80 - create IPUIPlugin
2024-04-21 11:25:34,876 [INFO] IPUIPlugin:80 - create IPUIPlugin
2024-04-21 11:25:34,878 [INFO] IPUIPlugin:80 - create IPUIPlugin
2024-04-21 11:25:34,878 [INFO] IPUIPlugin:80 - create IPUIPlugin
2024-04-21 11:25:34,879 [INFO] IPUIPlugin:80 - create IPUIPlugin
2024-04-21 11:25:34,879 [INFO] IPUIPlugin:80 - create IPUIPlugin
2024-04-21 11:25:34,880 [INFO] IPUIPlugin:80 - create IPUIPlugin
2024-04-21 11:25:34,880 [INFO] IPUIPlugin:80 - create IPUIPlugin
2024-04-21 11:25:34,880 [INFO] IPUIPlugin:80 - create IPUIPlugin
2024-04-21 11:25:34,881 [INFO] IPUIPlugin:80 - create IPUIPlugin
2024-04-21 11:25:34,881 [INFO] IPUIPlugin:80 - create IPUIPlugin
2024-04-21 11:25:34,882 [INFO] IPUIPlugin:80 - create IPUIPlugin
2024-04-21 11:25:34,882 [INFO] IPUIPlugin:80 - create IPUIPlugin
2024-04-21 11:25:34,883 [INFO] IPUIPlugin:80 - create IPUIPlugin
2024-04-21 11:25:34,883 [INFO] IPUIPlugin:80 - create IPUIPlugin
2024-04-21 11:25:34,884 [INFO] IPUIPlugin:80 - create IPUIPlugin
2024-04-21 11:25:34,884 [INFO] IPUIPlugin:80 - create IPUIPlugin
2024-04-21 11:25:34,884 [INFO] IPUIPlugin:80 - create IPUIPlugin
2024-04-21 11:25:34,885 [INFO] IPUIPlugin:80 - create IPUIPlugin
2024-04-21 11:25:34,885 [INFO] IPUIPlugin:80 - create IPUIPlugin
2024-04-21 11:25:34,888 [INFO] IPUIPlugin:80 - create IPUIPlugin
2024-04-21 11:25:34,888 [INFO] IPUIPlugin:80 - create IPUIPlugin
2024-04-21 11:25:34,889 [INFO] IPUIPlugin:80 - create IPUIPlugin
2024-04-21 11:25:34,889 [INFO] IPUIPlugin:80 - create IPUIPlugin
2024-04-21 11:25:34,890 [INFO] IPUIPlugin:80 - create IPUIPlugin
2024-04-21 11:25:35,113 [INFO] ApiDbMcu:508 - Load IP Config File for PDM2PCM
2024-04-21 11:25:35,728 [INFO] CADModel:165 - CPN selected for project levelSTM32F439ZIT6
2024-04-21 11:25:35,728 [INFO] CADModel:114 - Register for checkConnection events
2024-04-21 11:25:35,807 [INFO] OpenFileManager:343 - Restore cursor
2024-04-21 11:25:42,069 [ERROR] LogOutputStream:75 - [STDERR_REDIRECT] SLF4J: Failed to load class "org.slf4j.impl.StaticLoggerBinder".
2024-04-21 11:25:42,072 [ERROR] LogOutputStream:75 - [STDERR_REDIRECT] SLF4J: Defaulting to no-operation (NOP) logger implementation
2024-04-21 11:25:42,075 [ERROR] LogOutputStream:75 - [STDERR_REDIRECT] SLF4J: See http://www.slf4j.org/codes.html#StaticLoggerBinder for further details.
2024-04-21 12:08:55,182 [ERROR] LogOutputStream:75 - [STDERR_REDIRECT] 
2024-04-21 12:08:55,183 [ERROR] LogOutputStream:75 - [STDERR_REDIRECT] 
2024-04-21 14:21:41,772 [INFO] Activator:176 - 


2024-04-21 14:21:41,776 [INFO] Activator:177 - !SESSION log4j initialized
2024-04-21 14:21:51,491 [INFO] LogOutputStream:77 - [STDOUT_REDIRECT] 
2024-04-21 14:21:53,136 [INFO] ApplicationProperties:184 - Using Application install path: D:\downloads\STM\STM32CubeIDE_1.14.1\STM32CubeIDE\plugins\com.st.stm32cube.common.mx_6.10.0.202311202037
2024-04-21 14:21:53,166 [INFO] DbMcusXml:78 - Set database path to: D:\downloads\STM\STM32CubeIDE_1.14.1\STM32CubeIDE\plugins\com.st.stm32cube.common.mx_6.10.0.202311202037\\db\/mcu/
2024-04-21 14:21:53,166 [INFO] ApiDb:274 - Set plugin database path to: D:\downloads\STM\STM32CubeIDE_1.14.1\STM32CubeIDE\plugins\com.st.stm32cube.common.mx_6.10.0.202311202037\\db\/plugins/boardmanager/
2024-04-21 14:21:53,167 [WARN] ApiDb:259 - Overriding images path with different value:  => D:\downloads\STM\STM32CubeIDE_1.14.1\STM32CubeIDE\plugins\com.st.stm32cube.common.mx_6.10.0.202311202037\\db\/plugins/mcufinder/images/
2024-04-21 14:21:53,176 [INFO] ApiDb:250 - Set database path to: C:\Users\APURVA\.stmcufinder\plugins\mcufinder//mcu/
2024-04-21 14:21:53,179 [INFO] DbMcusAds:125 - Set database path to: C:\Users\APURVA\.stmcufinder\plugins\mcufinder//mcu/
2024-04-21 14:21:53,182 [INFO] CrossReferenceDbSqlite:203 - Set database path to: C:\Users\APURVA\.stmcufinder\plugins\mcufinder//mcu/cs/
2024-04-21 14:21:53,448 [INFO] RulesReader:64 - Compatibility file has been processed (297 Rules)
2024-04-21 14:21:53,643 [INFO] DbMcusXml:78 - Set database path to: D:\downloads\STM\STM32CubeIDE_1.14.1\STM32CubeIDE\plugins\com.st.stm32cube.common.mx_6.10.0.202311202037\\db\/mcu/
2024-04-21 14:21:53,643 [INFO] ApiDb:274 - Set plugin database path to: D:\downloads\STM\STM32CubeIDE_1.14.1\STM32CubeIDE\plugins\com.st.stm32cube.common.mx_6.10.0.202311202037\\db\/plugins/boardmanager/
2024-04-21 14:21:53,643 [INFO] ApiDb:261 - Set plugin images path to: D:\downloads\STM\STM32CubeIDE_1.14.1\STM32CubeIDE\plugins\com.st.stm32cube.common.mx_6.10.0.202311202037\\db\/plugins/mcufinder/images/
2024-04-21 14:21:53,644 [WARN] DbFile:41 - Overriding database path with different value: C:\Users\APURVA\.stmcufinder\plugins\mcufinder/ => C:\Users\APURVA\.stmcufinder\plugins\mcufinder
2024-04-21 14:21:53,644 [INFO] ApiDb:250 - Set database path to: C:\Users\APURVA\.stmcufinder\plugins\mcufinder//mcu/
2024-04-21 14:21:53,644 [WARN] DbFile:41 - Overriding database path with different value: C:\Users\APURVA\.stmcufinder\plugins\mcufinder/ => C:\Users\APURVA\.stmcufinder\plugins\mcufinder
2024-04-21 14:21:53,644 [INFO] DbMcusAds:125 - Set database path to: C:\Users\APURVA\.stmcufinder\plugins\mcufinder//mcu/
2024-04-21 14:21:53,645 [WARN] DbFile:41 - Overriding database path with different value: C:\Users\APURVA\.stmcufinder\plugins\mcufinder/ => C:\Users\APURVA\.stmcufinder\plugins\mcufinder
2024-04-21 14:21:53,645 [WARN] DbFile:41 - Overriding database path with different value: C:\Users\APURVA\.stmcufinder\plugins\mcufinder/ => C:\Users\APURVA\.stmcufinder\plugins\mcufinder
2024-04-21 14:21:53,645 [INFO] CrossReferenceDbSqlite:203 - Set database path to: C:\Users\APURVA\.stmcufinder\plugins\mcufinder//mcu/cs/
2024-04-21 14:21:53,784 [INFO] MainPanel:264 - HeapMemory: 268435456
2024-04-21 14:21:53,896 [INFO] DbMcusXml:78 - Set database path to: D:\downloads\STM\STM32CubeIDE_1.14.1\STM32CubeIDE\plugins\com.st.stm32cube.common.mx_6.10.0.202311202037\\db\/mcu/
2024-04-21 14:21:53,896 [INFO] ApiDb:274 - Set plugin database path to: D:\downloads\STM\STM32CubeIDE_1.14.1\STM32CubeIDE\plugins\com.st.stm32cube.common.mx_6.10.0.202311202037\\db\/plugins/boardmanager/
2024-04-21 14:21:53,896 [INFO] ApiDb:261 - Set plugin images path to: D:\downloads\STM\STM32CubeIDE_1.14.1\STM32CubeIDE\plugins\com.st.stm32cube.common.mx_6.10.0.202311202037\\db\/plugins/mcufinder/images/
2024-04-21 14:21:53,897 [WARN] DbFile:41 - Overriding database path with different value: C:\Users\APURVA\.stmcufinder\plugins\mcufinder/ => C:\Users\APURVA\.stmcufinder\plugins\mcufinder
2024-04-21 14:21:53,897 [INFO] ApiDb:250 - Set database path to: C:\Users\APURVA\.stmcufinder\plugins\mcufinder//mcu/
2024-04-21 14:21:53,897 [WARN] DbFile:41 - Overriding database path with different value: C:\Users\APURVA\.stmcufinder\plugins\mcufinder/ => C:\Users\APURVA\.stmcufinder\plugins\mcufinder
2024-04-21 14:21:53,897 [INFO] DbMcusAds:125 - Set database path to: C:\Users\APURVA\.stmcufinder\plugins\mcufinder//mcu/
2024-04-21 14:21:53,897 [WARN] DbFile:41 - Overriding database path with different value: C:\Users\APURVA\.stmcufinder\plugins\mcufinder/ => C:\Users\APURVA\.stmcufinder\plugins\mcufinder
2024-04-21 14:21:53,897 [WARN] DbFile:41 - Overriding database path with different value: C:\Users\APURVA\.stmcufinder\plugins\mcufinder/ => C:\Users\APURVA\.stmcufinder\plugins\mcufinder
2024-04-21 14:21:53,897 [INFO] CrossReferenceDbSqlite:203 - Set database path to: C:\Users\APURVA\.stmcufinder\plugins\mcufinder//mcu/cs/
2024-04-21 14:21:53,932 [INFO] ApplicationProperties:184 - Using Application install path: D:\downloads\STM\STM32CubeIDE_1.14.1\STM32CubeIDE\plugins\com.st.stm32cube.common.mx_6.10.0.202311202037
2024-04-21 14:21:53,935 [INFO] PluginManage:196 - Search for loadable plugins [exclusion list=, ]
2024-04-21 14:21:53,938 [INFO] PluginManage:310 - Check plugin analytics
2024-04-21 14:21:54,270 [INFO] AnalyticsPlugin:253 - Accepted Software Licenses: 
2024-04-21 14:21:54,270 [INFO] AnalyticsPlugin:255 - Accepted CMSIS Pack Licenses: 
2024-04-21 14:21:54,271 [INFO] AnalyticsPlugin:257 - Accepted Firmware Licenses: FW.F4.1.28.0,FW.L4.1.18.0
2024-04-21 14:21:54,278 [INFO] PluginManage:359 - Loaded plugin analytics (category:tool,tabindex:-1)
2024-04-21 14:21:54,278 [INFO] PluginManage:310 - Check plugin cadmodel
2024-04-21 14:21:54,285 [INFO] CADModel:105 - Init CAD model plugin
2024-04-21 14:21:54,285 [INFO] PluginManage:359 - Loaded plugin cadmodel (category:power,tabindex:5)
2024-04-21 14:21:54,285 [INFO] PluginManage:310 - Check plugin clock
2024-04-21 14:21:54,303 [INFO] PluginManage:359 - Loaded plugin clock (category:base,tabindex:2)
2024-04-21 14:21:54,303 [INFO] PluginManage:310 - Check plugin ddr
2024-04-21 14:21:54,309 [INFO] PluginManage:359 - Loaded plugin ddr (category:tool,tabindex:6)
2024-04-21 14:21:54,310 [INFO] PluginManage:310 - Check plugin filemanager
2024-04-21 14:21:54,551 [INFO] PluginManage:359 - Loaded plugin filemanager (category:base,tabindex:10)
2024-04-21 14:21:54,552 [INFO] PluginManage:310 - Check plugin ipmanager
2024-04-21 14:21:54,567 [INFO] PluginManage:359 - Loaded plugin ipmanager (category:base,tabindex:5)
2024-04-21 14:21:54,568 [INFO] PluginManage:310 - Check plugin lpbam
2024-04-21 14:21:54,582 [INFO] PluginManage:359 - Loaded plugin lpbam (category:base,tabindex:0)
2024-04-21 14:21:54,582 [INFO] PluginManage:310 - Check plugin memorymap
2024-04-21 14:21:54,601 [INFO] PluginManage:359 - Loaded plugin memorymap (category:base,tabindex:4)
2024-04-21 14:21:54,601 [INFO] PluginManage:310 - Check plugin pinoutandconfiguration
2024-04-21 14:21:54,613 [INFO] PluginManage:359 - Loaded plugin pinoutandconfiguration (category:base,tabindex:1)
2024-04-21 14:21:54,613 [INFO] PluginManage:310 - Check plugin pinoutconfig
2024-04-21 14:21:54,805 [WARN] SupportedApi:132 - Cannot load RTOS API schema: s4s-elt-must-match.1: The content of 'definitions' must match (annotation?, (simpleType | complexType)?, (unique | key | keyref)*)). A problem was found starting at: attribute.
2024-04-21 14:21:55,030 [INFO] PluginManage:359 - Loaded plugin pinoutconfig (category:base,tabindex:0)
2024-04-21 14:21:55,031 [INFO] PluginManage:310 - Check plugin power
2024-04-21 14:21:55,044 [INFO] PluginManage:359 - Loaded plugin power (category:power,tabindex:4)
2024-04-21 14:21:55,045 [INFO] PluginManage:310 - Check plugin projectmanager
2024-04-21 14:21:55,073 [INFO] PluginManage:359 - Loaded plugin projectmanager (category:projectmanager,tabindex:3)
2024-04-21 14:21:55,074 [INFO] PluginManage:310 - Check plugin thirdparty
2024-04-21 14:21:55,293 [INFO] PluginManage:359 - Loaded plugin thirdparty (category:base,tabindex:-1)
2024-04-21 14:21:55,293 [WARN] IntegrityCheckThread:84 - waiting for thirdparty lock release [integrity check]
2024-04-21 14:21:55,294 [INFO] PluginManage:310 - Check plugin tools
2024-04-21 14:21:55,294 [INFO] IntegrityCheckThread:86 - entering critical section [integrity check]
2024-04-21 14:21:55,295 [INFO] ThirdPartyUpdaterWithRetryManager:70 - Updater plugin not ready yet. [1/15]
2024-04-21 14:21:55,300 [INFO] PluginManage:359 - Loaded plugin tools (category:base,tabindex:7)
2024-04-21 14:21:55,300 [INFO] PluginManage:310 - Check plugin tutovideos
2024-04-21 14:21:55,595 [INFO] PluginManage:359 - Loaded plugin tutovideos (category:base,tabindex:-1)
2024-04-21 14:21:55,595 [INFO] PluginManage:310 - Check plugin updater
2024-04-21 14:21:55,610 [INFO] PluginManage:359 - Loaded plugin updater (category:base,tabindex:12)
2024-04-21 14:21:55,610 [INFO] PluginManage:310 - Check plugin userauth
2024-04-21 14:21:55,617 [INFO] UserAuth:114 - Init User Auth plugin
2024-04-21 14:21:55,617 [INFO] PluginManage:359 - Loaded plugin userauth (category:base,tabindex:14)
2024-04-21 14:21:55,618 [INFO] PluginManage:283 - PluginManage : Loaded plugins [17]
2024-04-21 14:21:55,963 [INFO] PinOutPanel:1499 - setPackage(No Configuration,No Configuration)
2024-04-21 14:21:56,093 [INFO] CADModel:165 - CPN selected for project level
2024-04-21 14:21:56,093 [INFO] CADModel:114 - Register for checkConnection events
2024-04-21 14:21:56,118 [INFO] IPUIPlugin:80 - create IPUIPlugin
2024-04-21 14:21:56,118 [INFO] PluginManager:220 - loadIPPluginJar : add adc
2024-04-21 14:21:56,121 [INFO] IPUIPlugin:80 - create IPUIPlugin
2024-04-21 14:21:56,121 [INFO] PluginManager:220 - loadIPPluginJar : add aes
2024-04-21 14:21:56,125 [INFO] IPUIPlugin:80 - create IPUIPlugin
2024-04-21 14:21:56,126 [INFO] PluginManager:220 - loadIPPluginJar : add can
2024-04-21 14:21:56,128 [INFO] IPUIPlugin:80 - create IPUIPlugin
2024-04-21 14:21:56,128 [INFO] PluginManager:220 - loadIPPluginJar : add comp
2024-04-21 14:21:56,133 [INFO] IPUIPlugin:80 - create IPUIPlugin
2024-04-21 14:21:56,133 [INFO] PluginManager:220 - loadIPPluginJar : add cryp
2024-04-21 14:21:56,136 [INFO] IPUIPlugin:80 - create IPUIPlugin
2024-04-21 14:21:56,136 [INFO] PluginManager:220 - loadIPPluginJar : add dfsdm
2024-04-21 14:21:56,146 [INFO] IPUIPlugin:80 - create IPUIPlugin
2024-04-21 14:21:56,147 [INFO] PluginManager:220 - loadIPPluginJar : add dma
2024-04-21 14:21:56,151 [INFO] IPUIPlugin:80 - create IPUIPlugin
2024-04-21 14:21:56,151 [INFO] PluginManager:220 - loadIPPluginJar : add dma3
2024-04-21 14:21:56,154 [INFO] IPUIPlugin:80 - create IPUIPlugin
2024-04-21 14:21:56,154 [INFO] PluginManager:220 - loadIPPluginJar : add fatfs
2024-04-21 14:21:56,161 [INFO] IPUIPlugin:80 - create IPUIPlugin
2024-04-21 14:21:56,161 [INFO] PluginManager:220 - loadIPPluginJar : add fmc
2024-04-21 14:21:56,170 [INFO] IPUIPlugin:80 - create IPUIPlugin
2024-04-21 14:21:56,170 [INFO] PluginManager:220 - loadIPPluginJar : add freertos
2024-04-21 14:21:56,173 [INFO] IPUIPlugin:80 - create IPUIPlugin
2024-04-21 14:21:56,173 [INFO] PluginManager:220 - loadIPPluginJar : add genericplugin
2024-04-21 14:21:56,176 [INFO] IPUIPlugin:80 - create IPUIPlugin
2024-04-21 14:21:56,177 [INFO] PluginManager:220 - loadIPPluginJar : add gfxmmu
2024-04-21 14:21:56,184 [INFO] IPUIPlugin:80 - create IPUIPlugin
2024-04-21 14:21:56,184 [INFO] PluginManager:220 - loadIPPluginJar : add gic
2024-04-21 14:21:56,190 [INFO] IPUIPlugin:80 - create IPUIPlugin
2024-04-21 14:21:56,191 [INFO] PluginManager:220 - loadIPPluginJar : add gpio
2024-04-21 14:21:56,195 [INFO] IPUIPlugin:80 - create IPUIPlugin
2024-04-21 14:21:56,195 [INFO] PluginManager:220 - loadIPPluginJar : add gtzc
2024-04-21 14:21:56,198 [INFO] IPUIPlugin:80 - create IPUIPlugin
2024-04-21 14:21:56,198 [INFO] PluginManager:220 - loadIPPluginJar : add hash
2024-04-21 14:21:56,202 [INFO] IPUIPlugin:80 - create IPUIPlugin
2024-04-21 14:21:56,202 [INFO] PluginManager:220 - loadIPPluginJar : add i2c
2024-04-21 14:21:56,205 [INFO] IPUIPlugin:80 - create IPUIPlugin
2024-04-21 14:21:56,205 [INFO] PluginManager:220 - loadIPPluginJar : add i2s
2024-04-21 14:21:56,210 [INFO] IPUIPlugin:80 - create IPUIPlugin
2024-04-21 14:21:56,210 [INFO] PluginManager:220 - loadIPPluginJar : add i3c
2024-04-21 14:21:56,215 [INFO] IPUIPlugin:80 - create IPUIPlugin
2024-04-21 14:21:56,215 [INFO] PluginManager:220 - loadIPPluginJar : add ipddr
2024-04-21 14:21:56,225 [INFO] IPUIPlugin:80 - create IPUIPlugin
2024-04-21 14:21:56,226 [INFO] PluginManager:220 - loadIPPluginJar : add linkedlist
2024-04-21 14:21:56,229 [INFO] IPUIPlugin:80 - create IPUIPlugin
2024-04-21 14:21:56,229 [INFO] PluginManager:220 - loadIPPluginJar : add lorawan
2024-04-21 14:21:56,231 [INFO] IPUIPlugin:80 - create IPUIPlugin
2024-04-21 14:21:56,231 [INFO] PluginManager:220 - loadIPPluginJar : add ltdc
2024-04-21 14:21:56,242 [INFO] IPUIPlugin:80 - create IPUIPlugin
2024-04-21 14:21:56,242 [INFO] PluginManager:220 - loadIPPluginJar : add mdma
2024-04-21 14:21:56,250 [INFO] IPUIPlugin:80 - create IPUIPlugin
2024-04-21 14:21:56,250 [INFO] PluginManager:220 - loadIPPluginJar : add nvic
2024-04-21 14:21:56,254 [INFO] IPUIPlugin:80 - create IPUIPlugin
2024-04-21 14:21:56,254 [INFO] PluginManager:220 - loadIPPluginJar : add opamp
2024-04-21 14:21:56,259 [INFO] IPUIPlugin:80 - create IPUIPlugin
2024-04-21 14:21:56,259 [INFO] PluginManager:220 - loadIPPluginJar : add openamp
2024-04-21 14:21:56,264 [INFO] IPUIPlugin:80 - create IPUIPlugin
2024-04-21 14:21:56,264 [INFO] PluginManager:220 - loadIPPluginJar : add pdm2pcm
2024-04-21 14:21:56,271 [INFO] IPUIPlugin:80 - create IPUIPlugin
2024-04-21 14:21:56,277 [INFO] PluginManager:220 - loadIPPluginJar : add plateformsettings
2024-04-21 14:21:56,279 [INFO] IPUIPlugin:80 - create IPUIPlugin
2024-04-21 14:21:56,279 [INFO] PluginManager:220 - loadIPPluginJar : add quadspi
2024-04-21 14:21:56,283 [INFO] IPUIPlugin:80 - create IPUIPlugin
2024-04-21 14:21:56,284 [INFO] PluginManager:220 - loadIPPluginJar : add resmgrutility
2024-04-21 14:21:56,288 [INFO] IPUIPlugin:80 - create IPUIPlugin
2024-04-21 14:21:56,288 [INFO] PluginManager:220 - loadIPPluginJar : add sai
2024-04-21 14:21:56,292 [INFO] IPUIPlugin:80 - create IPUIPlugin
2024-04-21 14:21:56,292 [INFO] PluginManager:220 - loadIPPluginJar : add spi
2024-04-21 14:21:56,300 [INFO] IPUIPlugin:80 - create IPUIPlugin
2024-04-21 14:21:56,300 [INFO] PluginManager:220 - loadIPPluginJar : add stm32_wpan
2024-04-21 14:21:56,302 [INFO] IPUIPlugin:80 - create IPUIPlugin
2024-04-21 14:21:56,303 [INFO] PluginManager:220 - loadIPPluginJar : add tim
2024-04-21 14:21:56,306 [INFO] IPUIPlugin:80 - create IPUIPlugin
2024-04-21 14:21:56,308 [INFO] PluginManager:220 - loadIPPluginJar : add touchsensing
2024-04-21 14:21:56,310 [INFO] IPUIPlugin:80 - create IPUIPlugin
2024-04-21 14:21:56,310 [INFO] PluginManager:220 - loadIPPluginJar : add tracer_emb
2024-04-21 14:21:56,312 [INFO] IPUIPlugin:80 - create IPUIPlugin
2024-04-21 14:21:56,313 [INFO] PluginManager:220 - loadIPPluginJar : add ts
2024-04-21 14:21:56,315 [INFO] IPUIPlugin:80 - create IPUIPlugin
2024-04-21 14:21:56,315 [INFO] PluginManager:220 - loadIPPluginJar : add tsc
2024-04-21 14:21:56,317 [INFO] IPUIPlugin:80 - create IPUIPlugin
2024-04-21 14:21:56,317 [INFO] PluginManager:220 - loadIPPluginJar : add ucpd
2024-04-21 14:21:56,321 [INFO] IPUIPlugin:80 - create IPUIPlugin
2024-04-21 14:21:56,321 [INFO] PluginManager:220 - loadIPPluginJar : add usart
2024-04-21 14:21:56,326 [INFO] IPUIPlugin:80 - create IPUIPlugin
2024-04-21 14:21:56,326 [INFO] PluginManager:220 - loadIPPluginJar : add usbx
2024-04-21 14:21:56,497 [INFO] CADModel:165 - CPN selected for project level
2024-04-21 14:21:56,497 [INFO] CADModel:114 - Register for checkConnection events
2024-04-21 14:21:56,498 [FATAL] Updater:308 - Updater called before beeing initialized
2024-04-21 14:21:56,498 [ERROR] CADModel:125 - Updater not yet initialized, retry later 
2024-04-21 14:21:56,755 [INFO] CADModel:165 - CPN selected for project level
2024-04-21 14:21:56,756 [INFO] CADModel:114 - Register for checkConnection events
2024-04-21 14:21:56,756 [FATAL] Updater:308 - Updater called before beeing initialized
2024-04-21 14:21:56,756 [ERROR] CADModel:125 - Updater not yet initialized, retry later 
2024-04-21 14:21:56,762 [FATAL] Updater:308 - Updater called before beeing initialized
2024-04-21 14:21:56,956 [FATAL] Updater:308 - Updater called before beeing initialized
2024-04-21 14:21:56,964 [INFO] DbMcusAds:53 - JSON generation date=Wed Nov 29 16:22:27 IST 2023 (1701255147349)
2024-04-21 14:21:56,964 [FATAL] Updater:308 - Updater called before beeing initialized
2024-04-21 14:21:57,024 [WARN] DetailPanel:346 - Failed to get advertising image, set to default
2024-04-21 14:21:57,233 [FATAL] Updater:308 - Updater called before beeing initialized
2024-04-21 14:21:57,236 [FATAL] Updater:308 - Updater called before beeing initialized
2024-04-21 14:21:57,236 [FATAL] Updater:308 - Updater called before beeing initialized
2024-04-21 14:21:57,237 [WARN] DetailPanel:346 - Failed to get advertising image, set to default
2024-04-21 14:21:57,259 [FATAL] Updater:308 - Updater called before beeing initialized
2024-04-21 14:21:57,365 [ERROR] Updater:1120 - MainUpdater not yet initialized. External WinMGr cannot be set.
2024-04-21 14:21:57,368 [INFO] Updater:1056 - Updater Version found : 6.10.0
2024-04-21 14:21:57,392 [INFO] ApplicationProperties:184 - Using Application install path: D:\downloads\STM\STM32CubeIDE_1.14.1\STM32CubeIDE\plugins\com.st.stm32cube.common.mx_6.10.0.202311202037
2024-04-21 14:21:58,297 [INFO] ThirdPartyUpdaterWithRetryManager:70 - Updater plugin not ready yet. [2/15]
2024-04-21 14:21:58,978 [ERROR] LogOutputStream:75 - [STDERR_REDIRECT] Apr 21, 2024 2:21:58 PM java.util.prefs.WindowsPreferences <init>
2024-04-21 14:21:58,980 [ERROR] LogOutputStream:75 - [STDERR_REDIRECT] WARNING: Could not open/create prefs root node Software\JavaSoft\Prefs at root 0xffffffff80000002. Windows RegCreateKeyEx(...) returned error code 5.
2024-04-21 14:21:58,981 [ERROR] LogOutputStream:75 - [STDERR_REDIRECT] 
2024-04-21 14:21:59,683 [INFO] MainUpdater:2873 - connection check result : 10
2024-04-21 14:21:59,685 [INFO] MainUpdater:290 - Updater Check For Update Now.
2024-04-21 14:21:59,685 [INFO] MicroXplorer:498 - Change Database Version : DB.6.0.100
2024-04-21 14:21:59,702 [INFO] McuFinderGlobals:63 - Set McuFinder mode to 2 (CubeIDE integrated)
2024-04-21 14:21:59,955 [INFO] CheckServerUpdateThread:120 - End of CheckServer Thread
2024-04-21 14:21:59,998 [INFO] UserAuth:404 - Internet connection configuration mode: 1
2024-04-21 14:22:00,019 [INFO] JxBrowserEngine:152 - Initiate JxBrowser Engine with user profile folder
2024-04-21 14:22:00,871 [INFO] WebApp:161 - Instantiating new browser for Auth
2024-04-21 14:22:01,664 [WARN] PackLoader:240 - Cannot read IP mode file for STMicroelectronics.FP-SNS-MOTENVWB1.1.4.0
2024-04-21 14:22:01,688 [WARN] PackLoader:240 - Cannot read IP mode file for STMicroelectronics.X-CUBE-SMBUS.2.1.0
2024-04-21 14:22:01,700 [WARN] PackLoader:240 - Cannot read IP mode file for STMicroelectronics.X-CUBE-TOUCHGFX.4.23.1
2024-04-21 14:22:01,706 [WARN] PackLoader:240 - Cannot read IP mode file for STMicroelectronics.X-CUBE-TOUCHGFX.4.23.0
2024-04-21 14:22:01,711 [WARN] PackLoader:240 - Cannot read IP mode file for STMicroelectronics.X-CUBE-TOUCHGFX.4.23.2
2024-04-21 14:22:01,800 [WARN] PackLoader:240 - Cannot read IP mode file for STMicroelectronics.X-CUBE-AZRTOS-F7.1.1.0
2024-04-21 14:22:01,821 [WARN] PackLoader:240 - Cannot read IP mode file for STMicroelectronics.FP-SNS-MOTENV1.4.3.2
2024-04-21 14:22:01,834 [WARN] PackLoader:240 - Cannot read IP mode file for STMicroelectronics.FP-SNS-FLIGHT1.5.0.2
2024-04-21 14:22:01,854 [WARN] PackLoader:240 - Cannot read IP mode file for STMicroelectronics.X-CUBE-DISPLAY.3.0.0
2024-04-21 14:22:01,890 [WARN] PackLoader:240 - Cannot read IP mode file for STMicroelectronics.X-CUBE-BLE1.7.0.0
2024-04-21 14:22:01,901 [WARN] PackLoader:240 - Cannot read IP mode file for emotas.I-CUBE-CANOPEN.1.3.0
2024-04-21 14:22:01,926 [WARN] PackLoader:240 - Cannot read IP mode file for STMicroelectronics.X-CUBE-BLEMGR.3.1.0
2024-04-21 14:22:01,942 [WARN] PackLoader:240 - Cannot read IP mode file for STMicroelectronics.FP-SNS-SMARTAG2.1.2.0
2024-04-21 14:22:01,961 [INFO] LogOutputStream:77 - [STDOUT_REDIRECT] 1 : Invalid condition id : UX_CORESTACK_Condition cause : null
2024-04-21 14:22:01,963 [INFO] LogOutputStream:77 - [STDOUT_REDIRECT] 1 : Invalid condition id : UX_CORESTACK_Condition cause : null
2024-04-21 14:22:01,966 [INFO] LogOutputStream:77 - [STDOUT_REDIRECT] 1 : Invalid condition id : UX_CORESTACK_Condition cause : null
2024-04-21 14:22:01,969 [INFO] LogOutputStream:77 - [STDOUT_REDIRECT] 1 : Invalid condition id : UX_CORESTACK_Condition cause : null
2024-04-21 14:22:01,971 [INFO] LogOutputStream:77 - [STDOUT_REDIRECT] 1 : Invalid condition id : UX_CORESTACK_Condition cause : null
2024-04-21 14:22:01,980 [WARN] PackLoader:240 - Cannot read IP mode file for STMicroelectronics.X-CUBE-AZRTOS-WL.2.0.0
2024-04-21 14:22:01,992 [WARN] PackLoader:240 - Cannot read IP mode file for STMicroelectronics.FP-SNS-MOTENV1.5.0.0
2024-04-21 14:22:02,018 [WARN] PackLoader:240 - Cannot read IP mode file for WES.I-CUBE-Cesium.1.3.0
2024-04-21 14:22:02,027 [WARN] PackLoader:240 - Cannot read IP mode file for STMicroelectronics.X-CUBE-BLE2.3.3.0
2024-04-21 14:22:02,038 [WARN] PackLoader:240 - Cannot read IP mode file for STMicroelectronics.X-CUBE-TCPP.4.1.0
2024-04-21 14:22:02,052 [WARN] PackLoader:240 - Cannot read IP mode file for STMicroelectronics.X-CUBE-ALGOBUILD.1.3.0
2024-04-21 14:22:02,080 [WARN] PackLoader:240 - Cannot read IP mode file for STMicroelectronics.X-CUBE-AZRTOS-G0.1.1.0
2024-04-21 14:22:02,095 [WARN] PackLoader:240 - Cannot read IP mode file for STMicroelectronics.X-CUBE-SAFEA1.1.2.2
2024-04-21 14:22:02,109 [WARN] PackLoader:240 - Cannot read IP mode file for STMicroelectronics.X-CUBE-NFC4.3.0.0
2024-04-21 14:22:02,127 [WARN] PackLoader:240 - Cannot read IP mode file for STMicroelectronics.X-CUBE-BLEMGR.3.0.0
2024-04-21 14:22:02,140 [WARN] PackLoader:240 - Cannot read IP mode file for STMicroelectronics.FP-ATR-SIGFOX1.3.2.0
2024-04-21 14:22:02,204 [WARN] PackLoader:240 - Cannot read IP mode file for SEGGER.I-CUBE-embOS.1.3.1
2024-04-21 14:22:02,309 [WARN] PackLoader:240 - Cannot read IP mode file for STMicroelectronics.X-CUBE-GNSS1.6.0.0
2024-04-21 14:22:02,374 [WARN] PackLoader:240 - Cannot read IP mode file for STMicroelectronics.X-CUBE-AZRTOS-F4.1.1.0
2024-04-21 14:22:02,393 [WARN] PackLoader:240 - Cannot read IP mode file for wolfSSL.I-CUBE-wolfSSL.5.6.6
2024-04-21 14:22:02,433 [WARN] PackLoader:240 - Cannot read IP mode file for STMicroelectronics.X-CUBE-AZRTOS-L5.2.0.0
2024-04-21 14:22:02,451 [WARN] PackLoader:240 - Cannot read IP mode file for STMicroelectronics.X-CUBE-NFC6.3.1.0
2024-04-21 14:22:02,468 [WARN] PackLoader:240 - Cannot read IP mode file for ITTIA_DB.I-CUBE-ITTIADB.8.8.0
2024-04-21 14:22:02,476 [WARN] PackLoader:240 - Cannot read IP mode file for STMicroelectronics.X-CUBE-AI.9.0.0
2024-04-21 14:22:02,487 [WARN] PackLoader:240 - Cannot read IP mode file for STMicroelectronics.X-CUBE-NFC7.1.0.1
2024-04-21 14:22:02,498 [WARN] PackLoader:240 - Cannot read IP mode file for STMicroelectronics.X-CUBE-NFC6.3.0.0
2024-04-21 14:22:02,509 [WARN] PackLoader:240 - Cannot read IP mode file for STMicroelectronics.X-CUBE-AI.8.1.0
2024-04-21 14:22:02,534 [INFO] WebApp:780 - Register for checkConnection events
2024-04-21 14:22:02,536 [INFO] WebApp:414 - Apply proxy settings
2024-04-21 14:22:02,536 [INFO] WebApp:499 - Chromium requires no authentication
2024-04-21 14:22:02,538 [WARN] ConditionMgr:438 - getConditionDescription Invalid condition id : LAN8742 Phy interface Condition cause : null
2024-04-21 14:22:02,539 [WARN] PackLoader:240 - Cannot read IP mode file for STMicroelectronics.X-CUBE-AZRTOS-L4.2.0.0
2024-04-21 14:22:02,542 [WARN] ConditionMgr:1039 - genDependencies : Invalid condition id : LAN8742 Phy interface Condition cause : null
2024-04-21 14:22:02,542 [WARN] ConditionMgr:1039 - genDependencies : Invalid condition id : LAN8742 Phy interface Condition cause : null
2024-04-21 14:22:02,543 [WARN] ConditionMgr:1039 - genDependencies : Invalid condition id : LAN8742 Phy interface Condition cause : null
2024-04-21 14:22:02,554 [WARN] PackLoader:240 - Cannot read IP mode file for STMicroelectronics.X-CUBE-SFXS2LP1.4.0.0
2024-04-21 14:22:02,577 [WARN] ConditionMgr:438 - getConditionDescription Invalid condition id : UX DEVICE CLASS RTOS Condition cause : null
2024-04-21 14:22:02,578 [WARN] ConditionMgr:438 - getConditionDescription Invalid condition id : UX DEVICE CLASS RTOS Condition cause : null
2024-04-21 14:22:02,582 [WARN] PackLoader:240 - Cannot read IP mode file for STMicroelectronics.X-CUBE-AZRTOS-WB.2.0.0
2024-04-21 14:22:02,582 [WARN] ConditionMgr:1039 - genDependencies : Invalid condition id : UX DEVICE CLASS RTOS Condition cause : null
2024-04-21 14:22:02,583 [WARN] ConditionMgr:1039 - genDependencies : Invalid condition id : UX DEVICE CLASS RTOS Condition cause : null
2024-04-21 14:22:02,583 [WARN] ConditionMgr:1039 - genDependencies : Invalid condition id : UX DEVICE CLASS RTOS Condition cause : null
2024-04-21 14:22:02,584 [WARN] ConditionMgr:1039 - genDependencies : Invalid condition id : UX DEVICE CLASS RTOS Condition cause : null
2024-04-21 14:22:02,584 [WARN] ConditionMgr:1039 - genDependencies : Invalid condition id : UX DEVICE CLASS RTOS Condition cause : null
2024-04-21 14:22:02,598 [WARN] PackLoader:240 - Cannot read IP mode file for STMicroelectronics.X-CUBE-SUBG2.5.0.0
2024-04-21 14:22:02,614 [INFO] WebApp:442 - Direct internet connection detected
2024-04-21 14:22:02,626 [WARN] PackLoader:240 - Cannot read IP mode file for STMicroelectronics.X-CUBE-AZRTOS-G4.2.0.0
2024-04-21 14:22:02,650 [WARN] PackLoader:240 - Cannot read IP mode file for Infineon.AIROC-Wi-Fi-Bluetooth-STM32.1.5.1
2024-04-21 14:22:02,661 [WARN] PackLoader:240 - Cannot read IP mode file for STMicroelectronics.FP-SNS-MOTENVWB1.1.3.1
2024-04-21 14:22:02,708 [WARN] PackLoader:240 - Cannot read IP mode file for STMicroelectronics.X-CUBE-MEMS1.10.0.0
2024-04-21 14:22:02,870 [WARN] PackLoader:240 - Cannot read IP mode file for STMicroelectronics.X-CUBE-FREERTOS.1.1.0
2024-04-21 14:22:02,879 [WARN] PackLoader:240 - Cannot read IP mode file for portGmbH.I-Cube-SoM-uGOAL.1.1.0
2024-04-21 14:22:02,885 [WARN] PackLoader:240 - Cannot read IP mode file for STMicroelectronics.X-CUBE-ALS.1.0.1
2024-04-21 14:22:02,929 [WARN] PackLoader:240 - Cannot read IP mode file for STMicroelectronics.X-CUBE-AZRTOS-H7RS.1.0.0
2024-04-21 14:22:02,939 [WARN] PackLoader:240 - Cannot read IP mode file for STMicroelectronics.FP-ATR-ASTRA1.2.0.0
2024-04-21 14:22:02,957 [WARN] PackLoader:240 - Cannot read IP mode file for STMicroelectronics.X-CUBE-TOF1.3.4.0
2024-04-21 14:22:02,992 [WARN] PackLoader:240 - Cannot read IP mode file for STMicroelectronics.X-CUBE-TOF1.3.4.1
2024-04-21 14:22:03,064 [WARN] PackLoader:240 - Cannot read IP mode file for STMicroelectronics.X-CUBE-AZRTOS-H7.3.2.0
2024-04-21 14:22:03,070 [INFO] ThirdParty:978 - Integrity check success = true
2024-04-21 14:22:03,070 [INFO] IntegrityCheckThread:100 - exiting critical section [integrity check]
2024-04-21 14:22:03,070 [INFO] IntegrityCheckThread:103 - End integrity checks thread
2024-04-21 14:22:04,057 [INFO] WebApp:192 - Starting web application
2024-04-21 14:22:04,058 [INFO] WebApp:544 - Web application path used D:\downloads\STM\STM32CubeIDE_1.14.1\STM32CubeIDE\plugins\com.st.stm32cube.common.mx_6.10.0.202311202037\db\plugins\mcufinder\reactClient1\index.html
2024-04-21 14:22:25,724 [ERROR] LogOutputStream:75 - [STDERR_REDIRECT] SLF4J: Failed to load class "org.slf4j.impl.StaticLoggerBinder".
2024-04-21 14:22:25,728 [ERROR] LogOutputStream:75 - [STDERR_REDIRECT] SLF4J: Defaulting to no-operation (NOP) logger implementation
2024-04-21 14:22:25,731 [ERROR] LogOutputStream:75 - [STDERR_REDIRECT] SLF4J: See http://www.slf4j.org/codes.html#StaticLoggerBinder for further details.
